#
# There is insufficient memory for the Java Runtime Environment to continue.
# Native memory allocation (malloc) failed to allocate 117440512 bytes for committing reserved memory.
# Possible reasons:
#   The system is out of physical RAM or swap space
#   In 32 bit mode, the process size limit was hit
# Possible solutions:
#   Reduce memory load on the system
#   Increase physical memory or swap space
#   Check if swap backing store is full
#   Use 64 bit Java on a 64 bit OS
#   Decrease Java heap size (-Xmx/-Xms)
#   Decrease number of Java threads
#   Decrease Java thread stack sizes (-Xss)
#   Set larger code cache with -XX:ReservedCodeCacheSize=
# This output file may be truncated or incomplete.
#
#  Out of Memory Error (os_linux.cpp:2798), pid=14322, tid=140020510570240
#
# JRE version: OpenJDK Runtime Environment (7.0_75-b13) (build 1.7.0_75-b13)
# Java VM: OpenJDK 64-Bit Server VM (24.75-b04 mixed mode linux-amd64 compressed oops)
# Derivative: IcedTea 2.5.4
# Distribution: Ubuntu 14.04 LTS, package 7u75-2.5.4-1~trusty1
# Failed to write core dump. Core dumps have been disabled. To enable core dumping, try "ulimit -c unlimited" before starting Java again
#

---------------  T H R E A D  ---------------

Current thread (0x00007f5924076000):  VMThread [stack: 0x00007f5910bb3000,0x00007f5910cb4000] [id=14328]

Stack: [0x00007f5910bb3000,0x00007f5910cb4000],  sp=0x00007f5910cb2490,  free space=1021k
Native frames: (J=compiled Java code, j=interpreted, Vv=VM code, C=native code)
V  [libjvm.so+0x94a9d5]  VMError::report_and_die()+0x175
V  [libjvm.so+0x48b954]  report_vm_out_of_memory(char const*, int, unsigned long, char const*)+0x74
V  [libjvm.so+0x7c7b7b]  os::pd_commit_memory(char*, unsigned long, unsigned long, bool)+0xeb
V  [libjvm.so+0x7c263f]  os::commit_memory(char*, unsigned long, unsigned long, bool)+0x1f
V  [libjvm.so+0x834b1b]  PSVirtualSpace::expand_by(unsigned long)+0x5b
V  [libjvm.so+0x82486b]  PSOldGen::expand_by(unsigned long) [clone .part.80]+0x1b
V  [libjvm.so+0x824a2b]  PSOldGen::expand(unsigned long) [clone .part.81]+0xdb
V  [libjvm.so+0x825958]  PSOldGen::resize(unsigned long)+0x188
V  [libjvm.so+0x82ca24]  PSParallelCompact::invoke_no_policy(bool)+0x9c4
V  [libjvm.so+0x832c5d]  PSScavenge::invoke()+0x17d
V  [libjvm.so+0x7e9203]  ParallelScavengeHeap::failed_mem_allocate(unsigned long)+0x63
V  [libjvm.so+0x94c3d4]  VM_ParallelGCFailedAllocation::doit()+0x84
V  [libjvm.so+0x9508d7]  VM_Operation::evaluate()+0x47
V  [libjvm.so+0x94f248]  VMThread::evaluate_operation(VM_Operation*)+0x318
V  [libjvm.so+0x94f6a9]  VMThread::loop()+0x219
V  [libjvm.so+0x94faf2]  VMThread::run()+0x72
V  [libjvm.so+0x7c4a42]  java_start(Thread*)+0xf2

VM_Operation (0x00007f592b1ac650): ParallelGCFailedAllocation, mode: safepoint, requested by thread 0x00007f592400a800


---------------  P R O C E S S  ---------------

Java Threads: ( => current thread )
  0x00007f59240af000 JavaThread "Service Thread" daemon [_thread_blocked, id=14334, stack(0x00007f58f7dfe000,0x00007f58f7eff000)]
  0x00007f59240ac800 JavaThread "C2 CompilerThread1" daemon [_thread_blocked, id=14333, stack(0x00007f58f7eff000,0x00007f58f8000000)]
  0x00007f59240a9800 JavaThread "C2 CompilerThread0" daemon [_thread_blocked, id=14332, stack(0x00007f59100cd000,0x00007f59101ce000)]
  0x00007f59240a7800 JavaThread "Signal Dispatcher" daemon [_thread_blocked, id=14331, stack(0x00007f59101ce000,0x00007f59102cf000)]
  0x00007f592407c000 JavaThread "Finalizer" daemon [_thread_blocked, id=14330, stack(0x00007f59109b1000,0x00007f5910ab2000)]
  0x00007f592407a000 JavaThread "Reference Handler" daemon [_thread_blocked, id=14329, stack(0x00007f5910ab2000,0x00007f5910bb3000)]
  0x00007f592400a800 JavaThread "main" [_thread_blocked, id=14323, stack(0x00007f592b0ad000,0x00007f592b1ae000)]

Other Threads:
=>0x00007f5924076000 VMThread [stack: 0x00007f5910bb3000,0x00007f5910cb4000] [id=14328]
  0x00007f59240b9800 WatcherThread [stack: 0x00007f58f7cfd000,0x00007f58f7dfe000] [id=14335]

VM state:at safepoint (normal execution)

VM Mutex/Monitor currently owned by a thread:  ([mutex/lock_event])
[0x00007f5924006450] ExpandHeap_lock - owner thread: 0x00007f5924076000
[0x00007f5924006ad0] Threads_lock - owner thread: 0x00007f5924076000
[0x00007f5924006fd0] Heap_lock - owner thread: 0x00007f592400a800

Heap
 PSYoungGen      total 255488K, used 7629K [0x00000000ebd00000, 0x00000000ffd00000, 0x0000000100000000)
  eden space 186368K, 0% used [0x00000000ebd00000,0x00000000ebd00000,0x00000000f7300000)
  from space 69120K, 11% used [0x00000000f7300000,0x00000000f7a734d8,0x00000000fb680000)
  to   space 67072K, 0% used [0x00000000fbb80000,0x00000000fbb80000,0x00000000ffd00000)
 ParOldGen       total 363520K, used 363219K [0x00000000c3800000, 0x00000000d9b00000, 0x00000000ebd00000)
  object space 363520K, 99% used [0x00000000c3800000,0x00000000d9ab4df0,0x00000000d9b00000)
 PSPermGen       total 21504K, used 3891K [0x00000000b9200000, 0x00000000ba700000, 0x00000000c3800000)
  object space 21504K, 18% used [0x00000000b9200000,0x00000000b95ccf78,0x00000000ba700000)

Card table byte_map: [0x00007f59209b3000,0x00007f5920beb000] byte_map_base: 0x00007f59203ea000

Polling page: 0x00007f592b1d2000

Code Cache  [0x00007f5920beb000, 0x00007f5920e5b000, 0x00007f5923beb000)
 total_blobs=357 nmethods=153 adapters=157 free_code_cache=48479Kb largest_free_block=49600320

Compilation events (10 events):
Event: 7.748 Thread 0x00007f59240a9800  151             java.nio.channels.spi.AbstractInterruptibleChannel::isOpen (5 bytes)
Event: 7.748 Thread 0x00007f59240ac800  152             java.nio.channels.spi.AbstractInterruptibleChannel::blockedOn (13 bytes)
Event: 7.749 Thread 0x00007f59240a9800 nmethod 151 0x00007f5920c54850 code [0x00007f5920c54980, 0x00007f5920c549d8]
Event: 7.749 Thread 0x00007f59240a9800  153             java.lang.System$2::blockedOn (6 bytes)
Event: 7.750 Thread 0x00007f59240a9800 nmethod 153 0x00007f5920c8f0d0 code [0x00007f5920c8f220, 0x00007f5920c8f498]
Event: 7.750 Thread 0x00007f59240a9800  154   !         java.lang.Thread::blockedOn (23 bytes)
Event: 7.750 Thread 0x00007f59240ac800 nmethod 152 0x00007f5920c58b50 code [0x00007f5920c58ca0, 0x00007f5920c58f38]
Event: 7.750 Thread 0x00007f59240ac800  155             java.nio.Bits::copyToArray (68 bytes)
Event: 7.751 Thread 0x00007f59240ac800 nmethod 155 0x00007f5920c8ee90 code [0x00007f5920c8efc0, 0x00007f5920c8f058]
Event: 7.752 Thread 0x00007f59240a9800 nmethod 154 0x00007f5920c58710 code [0x00007f5920c58840, 0x00007f5920c58a98]

GC Heap History (10 events):
Event: 8.142 GC heap after
Heap after GC invocations=43 (full 4):
 PSYoungGen      total 236544K, used 35120K [0x00000000ebd00000, 0x00000000ffa80000, 0x0000000100000000)
  eden space 154624K, 0% used [0x00000000ebd00000,0x00000000ebd00000,0x00000000f5400000)
  from space 81920K, 42% used [0x00000000f5400000,0x00000000f764c110,0x00000000fa400000)
  to   space 77824K, 0% used [0x00000000fae80000,0x00000000fae80000,0x00000000ffa80000)
 ParOldGen       total 363520K, used 297621K [0x00000000c3800000, 0x00000000d9b00000, 0x00000000ebd00000)
  object space 363520K, 81% used [0x00000000c3800000,0x00000000d5aa5540,0x00000000d9b00000)
 PSPermGen       total 21504K, used 3891K [0x00000000b9200000, 0x00000000ba700000, 0x00000000c3800000)
  object space 21504K, 18% used [0x00000000b9200000,0x00000000b95ccf78,0x00000000ba700000)
}
Event: 8.213 GC heap before
{Heap before GC invocations=44 (full 4):
 PSYoungGen      total 236544K, used 189744K [0x00000000ebd00000, 0x00000000ffa80000, 0x0000000100000000)
  eden space 154624K, 100% used [0x00000000ebd00000,0x00000000f5400000,0x00000000f5400000)
  from space 81920K, 42% used [0x00000000f5400000,0x00000000f764c110,0x00000000fa400000)
  to   space 77824K, 0% used [0x00000000fae80000,0x00000000fae80000,0x00000000ffa80000)
 ParOldGen       total 363520K, used 297621K [0x00000000c3800000, 0x00000000d9b00000, 0x00000000ebd00000)
  object space 363520K, 81% used [0x00000000c3800000,0x00000000d5aa5540,0x00000000d9b00000)
 PSPermGen       total 21504K, used 3891K [0x00000000b9200000, 0x00000000ba700000, 0x00000000c3800000)
  object space 21504K, 18% used [0x00000000b9200000,0x00000000b95ccf78,0x00000000ba700000)
Event: 8.291 GC heap after
Heap after GC invocations=44 (full 4):
 PSYoungGen      total 242176K, used 36640K [0x00000000ebd00000, 0x00000000ff400000, 0x0000000100000000)
  eden space 171008K, 0% used [0x00000000ebd00000,0x00000000ebd00000,0x00000000f6400000)
  from space 71168K, 51% used [0x00000000fae80000,0x00000000fd2480f0,0x00000000ff400000)
  to   space 73728K, 0% used [0x00000000f6400000,0x00000000f6400000,0x00000000fac00000)
 ParOldGen       total 363520K, used 303909K [0x00000000c3800000, 0x00000000d9b00000, 0x00000000ebd00000)
  object space 363520K, 83% used [0x00000000c3800000,0x00000000d60c9550,0x00000000d9b00000)
 PSPermGen       total 21504K, used 3891K [0x00000000b9200000, 0x00000000ba700000, 0x00000000c3800000)
  object space 21504K, 18% used [0x00000000b9200000,0x00000000b95ccf78,0x00000000ba700000)
}
Event: 8.363 GC heap before
{Heap before GC invocations=45 (full 4):
 PSYoungGen      total 242176K, used 207648K [0x00000000ebd00000, 0x00000000ff400000, 0x0000000100000000)
  eden space 171008K, 100% used [0x00000000ebd00000,0x00000000f6400000,0x00000000f6400000)
  from space 71168K, 51% used [0x00000000fae80000,0x00000000fd2480f0,0x00000000ff400000)
  to   space 73728K, 0% used [0x00000000f6400000,0x00000000f6400000,0x00000000fac00000)
 ParOldGen       total 363520K, used 303909K [0x00000000c3800000, 0x00000000d9b00000, 0x00000000ebd00000)
  object space 363520K, 83% used [0x00000000c3800000,0x00000000d60c9550,0x00000000d9b00000)
 PSPermGen       total 21504K, used 3891K [0x00000000b9200000, 0x00000000ba700000, 0x00000000c3800000)
  object space 21504K, 18% used [0x00000000b9200000,0x00000000b95ccf78,0x00000000ba700000)
Event: 8.476 GC heap after
Heap after GC invocations=45 (full 4):
 PSYoungGen      total 244736K, used 31584K [0x00000000ebd00000, 0x00000000ffc80000, 0x0000000100000000)
  eden space 171008K, 0% used [0x00000000ebd00000,0x00000000ebd00000,0x00000000f6400000)
  from space 73728K, 42% used [0x00000000f6400000,0x00000000f82d80a0,0x00000000fac00000)
  to   space 70656K, 0% used [0x00000000fb780000,0x00000000fb780000,0x00000000ffc80000)
 ParOldGen       total 363520K, used 317589K [0x00000000c3800000, 0x00000000d9b00000, 0x00000000ebd00000)
  object space 363520K, 87% used [0x00000000c3800000,0x00000000d6e255d0,0x00000000d9b00000)
 PSPermGen       total 21504K, used 3891K [0x00000000b9200000, 0x00000000ba700000, 0x00000000c3800000)
  object space 21504K, 18% used [0x00000000b9200000,0x00000000b95ccf78,0x00000000ba700000)
}
Event: 8.550 GC heap before
{Heap before GC invocations=46 (full 4):
 PSYoungGen      total 244736K, used 202592K [0x00000000ebd00000, 0x00000000ffc80000, 0x0000000100000000)
  eden space 171008K, 100% used [0x00000000ebd00000,0x00000000f6400000,0x00000000f6400000)
  from space 73728K, 42% used [0x00000000f6400000,0x00000000f82d80a0,0x00000000fac00000)
  to   space 70656K, 0% used [0x00000000fb780000,0x00000000fb780000,0x00000000ffc80000)
 ParOldGen       total 363520K, used 317589K [0x00000000c3800000, 0x00000000d9b00000, 0x00000000ebd00000)
  object space 363520K, 87% used [0x00000000c3800000,0x00000000d6e255d0,0x00000000d9b00000)
 PSPermGen       total 21504K, used 3891K [0x00000000b9200000, 0x00000000ba700000, 0x00000000c3800000)
  object space 21504K, 18% used [0x00000000b9200000,0x00000000b95ccf78,0x00000000ba700000)
Event: 8.646 GC heap after
Heap after GC invocations=46 (full 4):
 PSYoungGen      total 254464K, used 24992K [0x00000000ebd00000, 0x00000000ffa00000, 0x0000000100000000)
  eden space 186368K, 0% used [0x00000000ebd00000,0x00000000ebd00000,0x00000000f7300000)
  from space 68096K, 36% used [0x00000000fb780000,0x00000000fcfe8040,0x00000000ffa00000)
  to   space 69120K, 0% used [0x00000000f7300000,0x00000000f7300000,0x00000000fb680000)
 ParOldGen       total 363520K, used 332837K [0x00000000c3800000, 0x00000000d9b00000, 0x00000000ebd00000)
  object space 363520K, 91% used [0x00000000c3800000,0x00000000d7d09670,0x00000000d9b00000)
 PSPermGen       total 21504K, used 3891K [0x00000000b9200000, 0x00000000ba700000, 0x00000000c3800000)
  object space 21504K, 18% used [0x00000000b9200000,0x00000000b95ccf78,0x00000000ba700000)
}
Event: 8.784 GC heap before
{Heap before GC invocations=47 (full 4):
 PSYoungGen      total 254464K, used 211360K [0x00000000ebd00000, 0x00000000ffa00000, 0x0000000100000000)
  eden space 186368K, 100% used [0x00000000ebd00000,0x00000000f7300000,0x00000000f7300000)
  from space 68096K, 36% used [0x00000000fb780000,0x00000000fcfe8040,0x00000000ffa00000)
  to   space 69120K, 0% used [0x00000000f7300000,0x00000000f7300000,0x00000000fb680000)
 ParOldGen       total 363520K, used 332837K [0x00000000c3800000, 0x00000000d9b00000, 0x00000000ebd00000)
  object space 363520K, 91% used [0x00000000c3800000,0x00000000d7d09670,0x00000000d9b00000)
 PSPermGen       total 21504K, used 3891K [0x00000000b9200000, 0x00000000ba700000, 0x00000000c3800000)
  object space 21504K, 18% used [0x00000000b9200000,0x00000000b95ccf78,0x00000000ba700000)
Event: 8.889 GC heap after
Heap after GC invocations=47 (full 4):
 PSYoungGen      total 255488K, used 28210K [0x00000000ebd00000, 0x00000000ffd00000, 0x0000000100000000)
  eden space 186368K, 0% used [0x00000000ebd00000,0x00000000ebd00000,0x00000000f7300000)
  from space 69120K, 40% used [0x00000000f7300000,0x00000000f8e8cac0,0x00000000fb680000)
  to   space 67072K, 0% used [0x00000000fbb80000,0x00000000fbb80000,0x00000000ffd00000)
 ParOldGen       total 363520K, used 349253K [0x00000000c3800000, 0x00000000d9b00000, 0x00000000ebd00000)
  object space 363520K, 96% used [0x00000000c3800000,0x00000000d8d11690,0x00000000d9b00000)
 PSPermGen       total 21504K, used 3891K [0x00000000b9200000, 0x00000000ba700000, 0x00000000c3800000)
  object space 21504K, 18% used [0x00000000b9200000,0x00000000b95ccf78,0x00000000ba700000)
}
Event: 8.889 GC heap before
{Heap before GC invocations=48 (full 5):
 PSYoungGen      total 255488K, used 28210K [0x00000000ebd00000, 0x00000000ffd00000, 0x0000000100000000)
  eden space 186368K, 0% used [0x00000000ebd00000,0x00000000ebd00000,0x00000000f7300000)
  from space 69120K, 40% used [0x00000000f7300000,0x00000000f8e8cac0,0x00000000fb680000)
  to   space 67072K, 0% used [0x00000000fbb80000,0x00000000fbb80000,0x00000000ffd00000)
 ParOldGen       total 363520K, used 349253K [0x00000000c3800000, 0x00000000d9b00000, 0x00000000ebd00000)
  object space 363520K, 96% used [0x00000000c3800000,0x00000000d8d11690,0x00000000d9b00000)
 PSPermGen       total 21504K, used 3891K [0x00000000b9200000, 0x00000000ba700000, 0x00000000c3800000)
  object space 21504K, 18% used [0x00000000b9200000,0x00000000b95ccf78,0x00000000ba700000)

Deoptimization events (10 events):
Event: 0.174 Thread 0x00007f592400a800 Uncommon trap: reason=class_check action=maybe_recompile pc=0x00007f5920c54bd8 method=java.util.regex.Pattern$CharProperty.match(Ljava/util/regex/Matcher;ILjava/lang/CharSequence;)Z @ 37
Event: 0.201 Thread 0x00007f592400a800 Uncommon trap: reason=array_check action=maybe_recompile pc=0x00007f5920c58728 method=java.util.AbstractCollection.toArray([Ljava/lang/Object;)[Ljava/lang/Object; @ 119
Event: 0.201 Thread 0x00007f592400a800 Uncommon trap: reason=array_check action=maybe_recompile pc=0x00007f5920c58728 method=java.util.AbstractCollection.toArray([Ljava/lang/Object;)[Ljava/lang/Object; @ 119
Event: 0.201 Thread 0x00007f592400a800 Uncommon trap: reason=array_check action=maybe_recompile pc=0x00007f5920c58728 method=java.util.AbstractCollection.toArray([Ljava/lang/Object;)[Ljava/lang/Object; @ 119
Event: 0.201 Thread 0x00007f592400a800 Uncommon trap: reason=array_check action=maybe_recompile pc=0x00007f5920c58728 method=java.util.AbstractCollection.toArray([Ljava/lang/Object;)[Ljava/lang/Object; @ 119
Event: 0.346 Thread 0x00007f592400a800 Uncommon trap: reason=class_check action=maybe_recompile pc=0x00007f5920c7751c method=java.util.regex.Matcher.getTextLength()I @ 4
Event: 0.346 Thread 0x00007f592400a800 Uncommon trap: reason=class_check action=maybe_recompile pc=0x00007f5920c7751c method=java.util.regex.Matcher.getTextLength()I @ 4
Event: 0.346 Thread 0x00007f592400a800 Uncommon trap: reason=class_check action=maybe_recompile pc=0x00007f5920c7751c method=java.util.regex.Matcher.getTextLength()I @ 4
Event: 0.346 Thread 0x00007f592400a800 Uncommon trap: reason=class_check action=maybe_recompile pc=0x00007f5920c7751c method=java.util.regex.Matcher.getTextLength()I @ 4
Event: 0.353 Thread 0x00007f592400a800 Uncommon trap: reason=class_check action=maybe_recompile pc=0x00007f5920c7df7c method=java.util.regex.Matcher.getTextLength()I @ 4

Internal exceptions (10 events):
Event: 0.061 Thread 0x00007f592400a800 Threw 0x00000000ebdabdc8 at /build/buildd/openjdk-7-7u75-2.5.4/build/openjdk/hotspot/src/share/vm/prims/jvm.cpp:1284
Event: 0.078 Thread 0x00007f592400a800 Threw 0x00000000ebde1858 at /build/buildd/openjdk-7-7u75-2.5.4/build/openjdk/hotspot/src/share/vm/prims/jvm.cpp:1284
Event: 0.078 Thread 0x00007f592400a800 Threw 0x00000000ebde1980 at /build/buildd/openjdk-7-7u75-2.5.4/build/openjdk/hotspot/src/share/vm/prims/jvm.cpp:1284
Event: 0.079 Thread 0x00007f592400a800 Threw 0x00000000ebde4030 at /build/buildd/openjdk-7-7u75-2.5.4/build/openjdk/hotspot/src/share/vm/prims/jvm.cpp:1284
Event: 0.079 Thread 0x00007f592400a800 Threw 0x00000000ebde4158 at /build/buildd/openjdk-7-7u75-2.5.4/build/openjdk/hotspot/src/share/vm/prims/jvm.cpp:1284
Event: 0.079 Thread 0x00007f592400a800 Threw 0x00000000ebde4b58 at /build/buildd/openjdk-7-7u75-2.5.4/build/openjdk/hotspot/src/share/vm/prims/jvm.cpp:1284
Event: 0.079 Thread 0x00007f592400a800 Threw 0x00000000ebde4c80 at /build/buildd/openjdk-7-7u75-2.5.4/build/openjdk/hotspot/src/share/vm/prims/jvm.cpp:1284
Event: 0.087 Thread 0x00007f592400a800 Threw 0x00000000ebdf8800 at /build/buildd/openjdk-7-7u75-2.5.4/build/openjdk/hotspot/src/share/vm/prims/jvm.cpp:1284
Event: 0.089 Thread 0x00007f592400a800 Threw 0x00000000ebe02ee8 at /build/buildd/openjdk-7-7u75-2.5.4/build/openjdk/hotspot/src/share/vm/prims/jvm.cpp:1284
Event: 0.090 Thread 0x00007f592400a800 Threw 0x00000000ebe061c0 at /build/buildd/openjdk-7-7u75-2.5.4/build/openjdk/hotspot/src/share/vm/prims/jvm.cpp:1284

Events (10 events):
Event: 7.999 Executing VM operation: ParallelGCFailedAllocation done
Event: 8.072 Executing VM operation: ParallelGCFailedAllocation
Event: 8.142 Executing VM operation: ParallelGCFailedAllocation done
Event: 8.213 Executing VM operation: ParallelGCFailedAllocation
Event: 8.291 Executing VM operation: ParallelGCFailedAllocation done
Event: 8.363 Executing VM operation: ParallelGCFailedAllocation
Event: 8.476 Executing VM operation: ParallelGCFailedAllocation done
Event: 8.550 Executing VM operation: ParallelGCFailedAllocation
Event: 8.646 Executing VM operation: ParallelGCFailedAllocation done
Event: 8.784 Executing VM operation: ParallelGCFailedAllocation


Dynamic libraries:
00400000-00401000 r-xp 00000000 08:02 3145958                            /usr/lib/jvm/java-7-openjdk-amd64/jre/bin/java
00600000-00601000 r--p 00000000 08:02 3145958                            /usr/lib/jvm/java-7-openjdk-amd64/jre/bin/java
00601000-00602000 rw-p 00001000 08:02 3145958                            /usr/lib/jvm/java-7-openjdk-amd64/jre/bin/java
01f93000-01fb4000 rw-p 00000000 00:00 0                                  [heap]
b9200000-ba700000 rw-p 00000000 00:00 0 
ba700000-c3800000 rw-p 00000000 00:00 0 
c3800000-d9b00000 rw-p 00000000 00:00 0 
e0b00000-ebd00000 rw-p 00000000 00:00 0 
ebd00000-ffd00000 rw-p 00000000 00:00 0 
ffd00000-100000000 ---p 00000000 00:00 0 
7f58e8000000-7f58e8021000 rw-p 00000000 00:00 0 
7f58e8021000-7f58ec000000 ---p 00000000 00:00 0 
7f58ec000000-7f58ec021000 rw-p 00000000 00:00 0 
7f58ec021000-7f58f0000000 ---p 00000000 00:00 0 
7f58f0000000-7f58f0350000 rw-p 00000000 00:00 0 
7f58f0350000-7f58f4000000 ---p 00000000 00:00 0 
7f58f6345000-7f58f657f000 rw-p 00000000 00:00 0 
7f58f657f000-7f58f658f000 r-xp 00000000 08:02 3145927                    /usr/lib/jvm/java-7-openjdk-amd64/jre/lib/amd64/libnio.so
7f58f658f000-7f58f678f000 ---p 00010000 08:02 3145927                    /usr/lib/jvm/java-7-openjdk-amd64/jre/lib/amd64/libnio.so
7f58f678f000-7f58f6790000 r--p 00010000 08:02 3145927                    /usr/lib/jvm/java-7-openjdk-amd64/jre/lib/amd64/libnio.so
7f58f6790000-7f58f6791000 rw-p 00011000 08:02 3145927                    /usr/lib/jvm/java-7-openjdk-amd64/jre/lib/amd64/libnio.so
7f58f6791000-7f58f67ce000 r-xp 00000000 08:02 34303                      /lib/x86_64-linux-gnu/libpcre.so.3.13.1
7f58f67ce000-7f58f69cd000 ---p 0003d000 08:02 34303                      /lib/x86_64-linux-gnu/libpcre.so.3.13.1
7f58f69cd000-7f58f69ce000 r--p 0003c000 08:02 34303                      /lib/x86_64-linux-gnu/libpcre.so.3.13.1
7f58f69ce000-7f58f69cf000 rw-p 0003d000 08:02 34303                      /lib/x86_64-linux-gnu/libpcre.so.3.13.1
7f58f69cf000-7f58f69d6000 r-xp 00000000 08:02 8555                       /usr/lib/x86_64-linux-gnu/libffi.so.6.0.1
7f58f69d6000-7f58f6bd5000 ---p 00007000 08:02 8555                       /usr/lib/x86_64-linux-gnu/libffi.so.6.0.1
7f58f6bd5000-7f58f6bd6000 r--p 00006000 08:02 8555                       /usr/lib/x86_64-linux-gnu/libffi.so.6.0.1
7f58f6bd6000-7f58f6bd7000 rw-p 00007000 08:02 8555                       /usr/lib/x86_64-linux-gnu/libffi.so.6.0.1
7f58f6bd7000-7f58f6bee000 r-xp 00000000 08:02 78182                      /lib/x86_64-linux-gnu/libresolv-2.19.so
7f58f6bee000-7f58f6dee000 ---p 00017000 08:02 78182                      /lib/x86_64-linux-gnu/libresolv-2.19.so
7f58f6dee000-7f58f6def000 r--p 00017000 08:02 78182                      /lib/x86_64-linux-gnu/libresolv-2.19.so
7f58f6def000-7f58f6df0000 rw-p 00018000 08:02 78182                      /lib/x86_64-linux-gnu/libresolv-2.19.so
7f58f6df0000-7f58f6df2000 rw-p 00000000 00:00 0 
7f58f6df2000-7f58f6e12000 r-xp 00000000 08:02 34330                      /lib/x86_64-linux-gnu/libselinux.so.1
7f58f6e12000-7f58f7011000 ---p 00020000 08:02 34330                      /lib/x86_64-linux-gnu/libselinux.so.1
7f58f7011000-7f58f7012000 r--p 0001f000 08:02 34330                      /lib/x86_64-linux-gnu/libselinux.so.1
7f58f7012000-7f58f7013000 rw-p 00020000 08:02 34330                      /lib/x86_64-linux-gnu/libselinux.so.1
7f58f7013000-7f58f7015000 rw-p 00000000 00:00 0 
7f58f7015000-7f58f7018000 r-xp 00000000 08:02 689                        /usr/lib/x86_64-linux-gnu/libgmodule-2.0.so.0.4002.0
7f58f7018000-7f58f7217000 ---p 00003000 08:02 689                        /usr/lib/x86_64-linux-gnu/libgmodule-2.0.so.0.4002.0
7f58f7217000-7f58f7218000 r--p 00002000 08:02 689                        /usr/lib/x86_64-linux-gnu/libgmodule-2.0.so.0.4002.0
7f58f7218000-7f58f7219000 rw-p 00003000 08:02 689                        /usr/lib/x86_64-linux-gnu/libgmodule-2.0.so.0.4002.0
7f58f7219000-7f58f731f000 r-xp 00000000 08:02 671                        /lib/x86_64-linux-gnu/libglib-2.0.so.0.4002.0
7f58f731f000-7f58f751e000 ---p 00106000 08:02 671                        /lib/x86_64-linux-gnu/libglib-2.0.so.0.4002.0
7f58f751e000-7f58f751f000 r--p 00105000 08:02 671                        /lib/x86_64-linux-gnu/libglib-2.0.so.0.4002.0
7f58f751f000-7f58f7520000 rw-p 00106000 08:02 671                        /lib/x86_64-linux-gnu/libglib-2.0.so.0.4002.0
7f58f7520000-7f58f7521000 rw-p 00000000 00:00 0 
7f58f7521000-7f58f7570000 r-xp 00000000 08:02 692                        /usr/lib/x86_64-linux-gnu/libgobject-2.0.so.0.4002.0
7f58f7570000-7f58f7770000 ---p 0004f000 08:02 692                        /usr/lib/x86_64-linux-gnu/libgobject-2.0.so.0.4002.0
7f58f7770000-7f58f7771000 r--p 0004f000 08:02 692                        /usr/lib/x86_64-linux-gnu/libgobject-2.0.so.0.4002.0
7f58f7771000-7f58f7772000 rw-p 00050000 08:02 692                        /usr/lib/x86_64-linux-gnu/libgobject-2.0.so.0.4002.0
7f58f7772000-7f58f78de000 r-xp 00000000 08:02 732                        /usr/lib/x86_64-linux-gnu/libgio-2.0.so.0.4002.0
7f58f78de000-7f58f7add000 ---p 0016c000 08:02 732                        /usr/lib/x86_64-linux-gnu/libgio-2.0.so.0.4002.0
7f58f7add000-7f58f7ae1000 r--p 0016b000 08:02 732                        /usr/lib/x86_64-linux-gnu/libgio-2.0.so.0.4002.0
7f58f7ae1000-7f58f7ae3000 rw-p 0016f000 08:02 732                        /usr/lib/x86_64-linux-gnu/libgio-2.0.so.0.4002.0
7f58f7ae3000-7f58f7ae5000 rw-p 00000000 00:00 0 
7f58f7ae5000-7f58f7afc000 r-xp 00000000 08:02 3145931                    /usr/lib/jvm/java-7-openjdk-amd64/jre/lib/amd64/libnet.so
7f58f7afc000-7f58f7cfb000 ---p 00017000 08:02 3145931                    /usr/lib/jvm/java-7-openjdk-amd64/jre/lib/amd64/libnet.so
7f58f7cfb000-7f58f7cfc000 r--p 00016000 08:02 3145931                    /usr/lib/jvm/java-7-openjdk-amd64/jre/lib/amd64/libnet.so
7f58f7cfc000-7f58f7cfd000 rw-p 00017000 08:02 3145931                    /usr/lib/jvm/java-7-openjdk-amd64/jre/lib/amd64/libnet.so
7f58f7cfd000-7f58f7cfe000 ---p 00000000 00:00 0 
7f58f7cfe000-7f58f7dfe000 rw-p 00000000 00:00 0                          [stack:14335]
7f58f7dfe000-7f58f7e01000 ---p 00000000 00:00 0 
7f58f7e01000-7f58f7eff000 rw-p 00000000 00:00 0                          [stack:14334]
7f58f7eff000-7f58f7f02000 ---p 00000000 00:00 0 
7f58f7f02000-7f58f8000000 rw-p 00000000 00:00 0                          [stack:14333]
7f58f8000000-7f58f8021000 rw-p 00000000 00:00 0 
7f58f8021000-7f58fc000000 ---p 00000000 00:00 0 
7f58fc000000-7f58fc485000 rw-p 00000000 00:00 0 
7f58fc485000-7f5900000000 ---p 00000000 00:00 0 
7f5900000000-7f5900021000 rw-p 00000000 00:00 0 
7f5900021000-7f5904000000 ---p 00000000 00:00 0 
7f5904000000-7f5904021000 rw-p 00000000 00:00 0 
7f5904021000-7f5908000000 ---p 00000000 00:00 0 
7f5908000000-7f5908021000 rw-p 00000000 00:00 0 
7f5908021000-7f590c000000 ---p 00000000 00:00 0 
7f590c000000-7f590c021000 rw-p 00000000 00:00 0 
7f590c021000-7f5910000000 ---p 00000000 00:00 0 
7f591007c000-7f59100ad000 rw-p 00000000 00:00 0 
7f59100cd000-7f59100d0000 ---p 00000000 00:00 0 
7f59100d0000-7f59101ce000 rw-p 00000000 00:00 0                          [stack:14332]
7f59101ce000-7f59101d1000 ---p 00000000 00:00 0 
7f59101d1000-7f59102cf000 rw-p 00000000 00:00 0                          [stack:14331]
7f59102cf000-7f59109b1000 r--p 00000000 08:02 7278                       /usr/lib/locale/locale-archive
7f59109b1000-7f59109b4000 ---p 00000000 00:00 0 
7f59109b4000-7f5910ab2000 rw-p 00000000 00:00 0                          [stack:14330]
7f5910ab2000-7f5910ab5000 ---p 00000000 00:00 0 
7f5910ab5000-7f5910bb3000 rw-p 00000000 00:00 0                          [stack:14329]
7f5910bb3000-7f5910bb4000 ---p 00000000 00:00 0 
7f5910bb4000-7f5914000000 rw-p 00000000 00:00 0                          [stack:14328]
7f5914000000-7f5914021000 rw-p 00000000 00:00 0 
7f5914021000-7f5918000000 ---p 00000000 00:00 0 
7f5918000000-7f5918021000 rw-p 00000000 00:00 0 
7f5918021000-7f591c000000 ---p 00000000 00:00 0 
7f591c000000-7f591c021000 rw-p 00000000 00:00 0 
7f591c021000-7f5920000000 ---p 00000000 00:00 0 
7f592000d000-7f59201bf000 r--s 01d23000 08:02 3145900                    /usr/lib/jvm/java-7-openjdk-amd64/jre/lib/rt.jar
7f59201bf000-7f592046c000 rw-p 00000000 00:00 0 
7f592046c000-7f592046d000 ---p 00000000 00:00 0 
7f592046d000-7f592056d000 rw-p 00000000 00:00 0                          [stack:14327]
7f592056d000-7f592056e000 ---p 00000000 00:00 0 
7f592056e000-7f592066e000 rw-p 00000000 00:00 0                          [stack:14326]
7f592066e000-7f592066f000 ---p 00000000 00:00 0 
7f592066f000-7f592076f000 rw-p 00000000 00:00 0                          [stack:14325]
7f592076f000-7f5920770000 ---p 00000000 00:00 0 
7f5920770000-7f5920922000 rw-p 00000000 00:00 0                          [stack:14324]
7f5920922000-7f59209b3000 rw-p 00000000 00:00 0 
7f59209b3000-7f59209be000 rw-p 00000000 00:00 0 
7f59209be000-7f5920a06000 rw-p 00000000 00:00 0 
7f5920a06000-7f5920ab8000 rw-p 00000000 00:00 0 
7f5920ab8000-7f5920b48000 rw-p 00000000 00:00 0 
7f5920b48000-7f5920be9000 rw-p 00000000 00:00 0 
7f5920be9000-7f5920bea000 ---p 00000000 00:00 0 
7f5920bea000-7f5920beb000 rw-p 00000000 00:00 0 
7f5920beb000-7f5920e5b000 rwxp 00000000 00:00 0 
7f5920e5b000-7f5923beb000 rw-p 00000000 00:00 0 
7f5923beb000-7f5923bf3000 r-xp 00000000 08:02 3145955                    /usr/lib/jvm/java-7-openjdk-amd64/jre/lib/amd64/libzip.so
7f5923bf3000-7f5923df2000 ---p 00008000 08:02 3145955                    /usr/lib/jvm/java-7-openjdk-amd64/jre/lib/amd64/libzip.so
7f5923df2000-7f5923df3000 r--p 00007000 08:02 3145955                    /usr/lib/jvm/java-7-openjdk-amd64/jre/lib/amd64/libzip.so
7f5923df3000-7f5923df4000 rw-p 00008000 08:02 3145955                    /usr/lib/jvm/java-7-openjdk-amd64/jre/lib/amd64/libzip.so
7f5923df4000-7f5923dff000 r-xp 00000000 08:02 78184                      /lib/x86_64-linux-gnu/libnss_files-2.19.so
7f5923dff000-7f5923ffe000 ---p 0000b000 08:02 78184                      /lib/x86_64-linux-gnu/libnss_files-2.19.so
7f5923ffe000-7f5923fff000 r--p 0000a000 08:02 78184                      /lib/x86_64-linux-gnu/libnss_files-2.19.so
7f5923fff000-7f5924000000 rw-p 0000b000 08:02 78184                      /lib/x86_64-linux-gnu/libnss_files-2.19.so
7f5924000000-7f59241aa000 rw-p 00000000 00:00 0 
7f59241aa000-7f5928000000 ---p 00000000 00:00 0 
7f5928002000-7f5928004000 r--s 0002e000 08:02 5902646                    /home/alexey/cs61b/ajg/lib/stdlib-package.jar
7f5928004000-7f592800c000 r--s 0009e000 08:02 5898400                    /home/alexey/cs61b/ajg/lib/algs4-package.jar
7f592800c000-7f592800e000 r--s 00001000 08:02 5902774                    /home/alexey/cs61b/ajg/lib/staffp0_obf.jar
7f592800e000-7f5928011000 r--s 0001a000 08:02 5903251                    /home/alexey/cs61b/ajg/lib/xchart-2.4.3.jar
7f5928011000-7f5928013000 r--s 00009000 08:02 5898403                    /home/alexey/cs61b/ajg/lib/hamcrest-core-1.3.jar
7f5928013000-7f59280c2000 rw-p 00000000 00:00 0 
7f59280c2000-7f592810a000 rw-p 00000000 00:00 0 
7f592810a000-7f5928115000 r-xp 00000000 08:02 78204                      /lib/x86_64-linux-gnu/libnss_nis-2.19.so
7f5928115000-7f5928314000 ---p 0000b000 08:02 78204                      /lib/x86_64-linux-gnu/libnss_nis-2.19.so
7f5928314000-7f5928315000 r--p 0000a000 08:02 78204                      /lib/x86_64-linux-gnu/libnss_nis-2.19.so
7f5928315000-7f5928316000 rw-p 0000b000 08:02 78204                      /lib/x86_64-linux-gnu/libnss_nis-2.19.so
7f5928316000-7f592832d000 r-xp 00000000 08:02 78193                      /lib/x86_64-linux-gnu/libnsl-2.19.so
7f592832d000-7f592852c000 ---p 00017000 08:02 78193                      /lib/x86_64-linux-gnu/libnsl-2.19.so
7f592852c000-7f592852d000 r--p 00016000 08:02 78193                      /lib/x86_64-linux-gnu/libnsl-2.19.so
7f592852d000-7f592852e000 rw-p 00017000 08:02 78193                      /lib/x86_64-linux-gnu/libnsl-2.19.so
7f592852e000-7f5928530000 rw-p 00000000 00:00 0 
7f5928530000-7f5928539000 r-xp 00000000 08:02 78192                      /lib/x86_64-linux-gnu/libnss_compat-2.19.so
7f5928539000-7f5928738000 ---p 00009000 08:02 78192                      /lib/x86_64-linux-gnu/libnss_compat-2.19.so
7f5928738000-7f5928739000 r--p 00008000 08:02 78192                      /lib/x86_64-linux-gnu/libnss_compat-2.19.so
7f5928739000-7f592873a000 rw-p 00009000 08:02 78192                      /lib/x86_64-linux-gnu/libnss_compat-2.19.so
7f592873a000-7f5928765000 r-xp 00000000 08:02 3145940                    /usr/lib/jvm/java-7-openjdk-amd64/jre/lib/amd64/libjava.so
7f5928765000-7f5928965000 ---p 0002b000 08:02 3145940                    /usr/lib/jvm/java-7-openjdk-amd64/jre/lib/amd64/libjava.so
7f5928965000-7f5928966000 r--p 0002b000 08:02 3145940                    /usr/lib/jvm/java-7-openjdk-amd64/jre/lib/amd64/libjava.so
7f5928966000-7f5928968000 rw-p 0002c000 08:02 3145940                    /usr/lib/jvm/java-7-openjdk-amd64/jre/lib/amd64/libjava.so
7f5928968000-7f5928978000 r-xp 00000000 08:02 3145939                    /usr/lib/jvm/java-7-openjdk-amd64/jre/lib/amd64/libverify.so
7f5928978000-7f5928b77000 ---p 00010000 08:02 3145939                    /usr/lib/jvm/java-7-openjdk-amd64/jre/lib/amd64/libverify.so
7f5928b77000-7f5928b79000 r--p 0000f000 08:02 3145939                    /usr/lib/jvm/java-7-openjdk-amd64/jre/lib/amd64/libverify.so
7f5928b79000-7f5928b7a000 rw-p 00011000 08:02 3145939                    /usr/lib/jvm/java-7-openjdk-amd64/jre/lib/amd64/libverify.so
7f5928b7a000-7f5928b81000 r-xp 00000000 08:02 78201                      /lib/x86_64-linux-gnu/librt-2.19.so
7f5928b81000-7f5928d80000 ---p 00007000 08:02 78201                      /lib/x86_64-linux-gnu/librt-2.19.so
7f5928d80000-7f5928d81000 r--p 00006000 08:02 78201                      /lib/x86_64-linux-gnu/librt-2.19.so
7f5928d81000-7f5928d82000 rw-p 00007000 08:02 78201                      /lib/x86_64-linux-gnu/librt-2.19.so
7f5928d82000-7f5928d98000 r-xp 00000000 08:02 4541                       /lib/x86_64-linux-gnu/libgcc_s.so.1
7f5928d98000-7f5928f97000 ---p 00016000 08:02 4541                       /lib/x86_64-linux-gnu/libgcc_s.so.1
7f5928f97000-7f5928f98000 rw-p 00015000 08:02 4541                       /lib/x86_64-linux-gnu/libgcc_s.so.1
7f5928f98000-7f592909d000 r-xp 00000000 08:02 78183                      /lib/x86_64-linux-gnu/libm-2.19.so
7f592909d000-7f592929c000 ---p 00105000 08:02 78183                      /lib/x86_64-linux-gnu/libm-2.19.so
7f592929c000-7f592929d000 r--p 00104000 08:02 78183                      /lib/x86_64-linux-gnu/libm-2.19.so
7f592929d000-7f592929e000 rw-p 00105000 08:02 78183                      /lib/x86_64-linux-gnu/libm-2.19.so
7f592929e000-7f5929384000 r-xp 00000000 08:02 9183                       /usr/lib/x86_64-linux-gnu/libstdc++.so.6.0.19
7f5929384000-7f5929583000 ---p 000e6000 08:02 9183                       /usr/lib/x86_64-linux-gnu/libstdc++.so.6.0.19
7f5929583000-7f592958b000 r--p 000e5000 08:02 9183                       /usr/lib/x86_64-linux-gnu/libstdc++.so.6.0.19
7f592958b000-7f592958d000 rw-p 000ed000 08:02 9183                       /usr/lib/x86_64-linux-gnu/libstdc++.so.6.0.19
7f592958d000-7f59295a2000 rw-p 00000000 00:00 0 
7f59295a2000-7f592a0ba000 r-xp 00000000 08:02 3145944                    /usr/lib/jvm/java-7-openjdk-amd64/jre/lib/amd64/server/libjvm.so
7f592a0ba000-7f592a2ba000 ---p 00b18000 08:02 3145944                    /usr/lib/jvm/java-7-openjdk-amd64/jre/lib/amd64/server/libjvm.so
7f592a2ba000-7f592a354000 r--p 00b18000 08:02 3145944                    /usr/lib/jvm/java-7-openjdk-amd64/jre/lib/amd64/server/libjvm.so
7f592a354000-7f592a377000 rw-p 00bb2000 08:02 3145944                    /usr/lib/jvm/java-7-openjdk-amd64/jre/lib/amd64/server/libjvm.so
7f592a377000-7f592a3a5000 rw-p 00000000 00:00 0 
7f592a3a5000-7f592a3bd000 r-xp 00000000 08:02 34363                      /lib/x86_64-linux-gnu/libz.so.1.2.8
7f592a3bd000-7f592a5bc000 ---p 00018000 08:02 34363                      /lib/x86_64-linux-gnu/libz.so.1.2.8
7f592a5bc000-7f592a5bd000 r--p 00017000 08:02 34363                      /lib/x86_64-linux-gnu/libz.so.1.2.8
7f592a5bd000-7f592a5be000 rw-p 00018000 08:02 34363                      /lib/x86_64-linux-gnu/libz.so.1.2.8
7f592a5be000-7f592a5d7000 r-xp 00000000 08:02 78199                      /lib/x86_64-linux-gnu/libpthread-2.19.so
7f592a5d7000-7f592a7d6000 ---p 00019000 08:02 78199                      /lib/x86_64-linux-gnu/libpthread-2.19.so
7f592a7d6000-7f592a7d7000 r--p 00018000 08:02 78199                      /lib/x86_64-linux-gnu/libpthread-2.19.so
7f592a7d7000-7f592a7d8000 rw-p 00019000 08:02 78199                      /lib/x86_64-linux-gnu/libpthread-2.19.so
7f592a7d8000-7f592a7dc000 rw-p 00000000 00:00 0 
7f592a7dc000-7f592a7df000 r-xp 00000000 08:02 78187                      /lib/x86_64-linux-gnu/libdl-2.19.so
7f592a7df000-7f592a9de000 ---p 00003000 08:02 78187                      /lib/x86_64-linux-gnu/libdl-2.19.so
7f592a9de000-7f592a9df000 r--p 00002000 08:02 78187                      /lib/x86_64-linux-gnu/libdl-2.19.so
7f592a9df000-7f592a9e0000 rw-p 00003000 08:02 78187                      /lib/x86_64-linux-gnu/libdl-2.19.so
7f592a9e0000-7f592ab9b000 r-xp 00000000 08:02 78198                      /lib/x86_64-linux-gnu/libc-2.19.so
7f592ab9b000-7f592ad9a000 ---p 001bb000 08:02 78198                      /lib/x86_64-linux-gnu/libc-2.19.so
7f592ad9a000-7f592ad9e000 r--p 001ba000 08:02 78198                      /lib/x86_64-linux-gnu/libc-2.19.so
7f592ad9e000-7f592ada0000 rw-p 001be000 08:02 78198                      /lib/x86_64-linux-gnu/libc-2.19.so
7f592ada0000-7f592ada5000 rw-p 00000000 00:00 0 
7f592ada5000-7f592adb2000 r-xp 00000000 08:02 3145923                    /usr/lib/jvm/java-7-openjdk-amd64/jre/lib/amd64/jli/libjli.so
7f592adb2000-7f592afb1000 ---p 0000d000 08:02 3145923                    /usr/lib/jvm/java-7-openjdk-amd64/jre/lib/amd64/jli/libjli.so
7f592afb1000-7f592afb2000 r--p 0000c000 08:02 3145923                    /usr/lib/jvm/java-7-openjdk-amd64/jre/lib/amd64/jli/libjli.so
7f592afb2000-7f592afb3000 rw-p 0000d000 08:02 3145923                    /usr/lib/jvm/java-7-openjdk-amd64/jre/lib/amd64/jli/libjli.so
7f592afb3000-7f592afd6000 r-xp 00000000 08:02 78195                      /lib/x86_64-linux-gnu/ld-2.19.so
7f592afd6000-7f592aff7000 rw-p 00000000 00:00 0 
7f592aff7000-7f592b0ad000 rw-p 00000000 00:00 0 
7f592b0ad000-7f592b0b0000 ---p 00000000 00:00 0 
7f592b0b0000-7f592b1b4000 rw-p 00000000 00:00 0                          [stack:14323]
7f592b1b4000-7f592b1b6000 r--s 00039000 08:02 5902648                    /home/alexey/cs61b/ajg/lib/stdlib.jar
7f592b1b6000-7f592b1b7000 r--s 00002000 08:02 3145907                    /usr/lib/jvm/java-7-openjdk-amd64/jre/lib/ext/dnsns.jar
7f592b1b7000-7f592b1ba000 r--s 00086000 08:02 3145908                    /usr/lib/jvm/java-7-openjdk-amd64/jre/lib/ext/localedata.jar
7f592b1ba000-7f592b1be000 r--s 00034000 08:02 3145905                    /usr/lib/jvm/java-7-openjdk-amd64/jre/lib/ext/sunjce_provider.jar
7f592b1be000-7f592b1c0000 r--s 00006000 08:02 10215                      /usr/share/java/java-atk-wrapper.jar
7f592b1c0000-7f592b1c3000 r--s 0000f000 08:02 3145903                    /usr/lib/jvm/java-7-openjdk-amd64/jre/lib/ext/icedtea-sound.jar
7f592b1c3000-7f592b1c7000 r--s 0003c000 08:02 3145904                    /usr/lib/jvm/java-7-openjdk-amd64/jre/lib/ext/sunpkcs11.jar
7f592b1c7000-7f592b1c9000 r--s 00012000 08:02 3145906                    /usr/lib/jvm/java-7-openjdk-amd64/jre/lib/ext/zipfs.jar
7f592b1c9000-7f592b1d1000 rw-s 00000000 08:02 669442                     /tmp/hsperfdata_alexey/14322
7f592b1d1000-7f592b1d2000 rw-p 00000000 00:00 0 
7f592b1d2000-7f592b1d3000 ---p 00000000 00:00 0 
7f592b1d3000-7f592b1d5000 rw-p 00000000 00:00 0 
7f592b1d5000-7f592b1d6000 r--p 00022000 08:02 78195                      /lib/x86_64-linux-gnu/ld-2.19.so
7f592b1d6000-7f592b1d7000 rw-p 00023000 08:02 78195                      /lib/x86_64-linux-gnu/ld-2.19.so
7f592b1d7000-7f592b1d8000 rw-p 00000000 00:00 0 
7fffd5a5f000-7fffd5a80000 rw-p 00000000 00:00 0                          [stack]
7fffd5ad2000-7fffd5ad4000 r-xp 00000000 00:00 0                          [vdso]
ffffffffff600000-ffffffffff601000 r-xp 00000000 00:00 0                  [vsyscall]

VM Arguments:
java_command: ngordnet.NgordnetUI
Launcher Type: SUN_STANDARD

Environment Variables:
CLASSPATH=:/home/alexey/cs61b/ajg/lib/*:./:/usr/lib/jvm/java-7-openjdk-amd64/lib/*:./:/home/alexey/cs61b/ajg/lib/*:./
PATH=/usr/local/sbin:/usr/local/bin:/usr/sbin:/usr/bin:/sbin:/bin:/usr/games:/usr/local/games
SHELL=/bin/bash
DISPLAY=:0

Signal Handlers:
SIGSEGV: [libjvm.so+0x94b4b0], sa_mask[0]=0x7ffbfeff, sa_flags=0x10000004
SIGBUS: [libjvm.so+0x94b4b0], sa_mask[0]=0x7ffbfeff, sa_flags=0x10000004
SIGFPE: [libjvm.so+0x7c3390], sa_mask[0]=0x7ffbfeff, sa_flags=0x10000004
SIGPIPE: [libjvm.so+0x7c3390], sa_mask[0]=0x7ffbfeff, sa_flags=0x10000004
SIGXFSZ: [libjvm.so+0x7c3390], sa_mask[0]=0x7ffbfeff, sa_flags=0x10000004
SIGILL: [libjvm.so+0x7c3390], sa_mask[0]=0x7ffbfeff, sa_flags=0x10000004
SIGUSR1: SIG_DFL, sa_mask[0]=0x00000000, sa_flags=0x00000000
SIGUSR2: [libjvm.so+0x7c3230], sa_mask[0]=0x00000000, sa_flags=0x10000004
SIGHUP: [libjvm.so+0x7c3410], sa_mask[0]=0x7ffbfeff, sa_flags=0x10000004
SIGINT: [libjvm.so+0x7c3410], sa_mask[0]=0x7ffbfeff, sa_flags=0x10000004
SIGTERM: [libjvm.so+0x7c3410], sa_mask[0]=0x7ffbfeff, sa_flags=0x10000004
SIGQUIT: [libjvm.so+0x7c3410], sa_mask[0]=0x7ffbfeff, sa_flags=0x10000004
SIGTRAP: SIG_DFL, sa_mask[0]=0x00000000, sa_flags=0x00000000


---------------  S Y S T E M  ---------------

OS:Ubuntu 14.04 (trusty)
uname:Linux 3.13.0-46-generic #77-Ubuntu SMP Mon Mar 2 18:23:39 UTC 2015 x86_64
libc:glibc 2.19 NPTL 2.19 
rlimit: STACK 8192k, CORE 0k, NPROC 30064, NOFILE 4096, AS infinity
load average:0.65 0.37 0.45

/proc/meminfo:
MemTotal:        3958116 kB
MemFree:           93456 kB
Buffers:             840 kB
Cached:           381836 kB
SwapCached:        23000 kB
Active:          2862468 kB
Inactive:         849488 kB
Active(anon):    2844668 kB
Inactive(anon):   823184 kB
Active(file):      17800 kB
Inactive(file):    26304 kB
Unevictable:          16 kB
Mlocked:              16 kB
SwapTotal:       4104188 kB
SwapFree:              0 kB
Dirty:                16 kB
Writeback:             4 kB
AnonPages:       3306760 kB
Mapped:            82084 kB
Shmem:            338280 kB
Slab:              53748 kB
SReclaimable:      23960 kB
SUnreclaim:        29788 kB
KernelStack:        4800 kB
PageTables:        40280 kB
NFS_Unstable:          0 kB
Bounce:                0 kB
WritebackTmp:          0 kB
CommitLimit:     6083244 kB
Committed_AS:   10934468 kB
VmallocTotal:   34359738367 kB
VmallocUsed:      564172 kB
VmallocChunk:   34359147544 kB
HardwareCorrupted:     0 kB
AnonHugePages:   2142208 kB
HugePages_Total:       0
HugePages_Free:        0
HugePages_Rsvd:        0
HugePages_Surp:        0
Hugepagesize:       2048 kB
DirectMap4k:       78592 kB
DirectMap2M:     2977792 kB
DirectMap1G:     1048576 kB


CPU:total 4 (2 cores per cpu, 2 threads per core) family 6 model 69 stepping 1, cmov, cx8, fxsr, mmx, sse, sse2, sse3, ssse3, sse4.1, sse4.2, popcnt, avx, avx2, aes, erms, ht, tsc, tscinvbit

/proc/cpuinfo:
processor	: 0
vendor_id	: GenuineIntel
cpu family	: 6
model		: 69
model name	: Intel(R) Core(TM) i7-4500U CPU @ 1.80GHz
stepping	: 1
microcode	: 0x17
cpu MHz		: 1500.000
cache size	: 4096 KB
physical id	: 0
siblings	: 4
core id		: 0
cpu cores	: 2
apicid		: 0
initial apicid	: 0
fpu		: yes
fpu_exception	: yes
cpuid level	: 13
wp		: yes
flags		: fpu vme de pse tsc msr pae mce cx8 apic sep mtrr pge mca cmov pat pse36 clflush dts acpi mmx fxsr sse sse2 ss ht tm pbe syscall nx pdpe1gb rdtscp lm constant_tsc arch_perfmon pebs bts rep_good nopl xtopology nonstop_tsc aperfmperf eagerfpu pni pclmulqdq dtes64 monitor ds_cpl vmx est tm2 ssse3 fma cx16 xtpr pdcm pcid sse4_1 sse4_2 movbe popcnt tsc_deadline_timer aes xsave avx f16c rdrand lahf_lm abm ida arat epb xsaveopt pln pts dtherm tpr_shadow vnmi flexpriority ept vpid fsgsbase tsc_adjust bmi1 avx2 smep bmi2 erms invpcid
bogomips	: 4787.86
clflush size	: 64
cache_alignment	: 64
address sizes	: 39 bits physical, 48 bits virtual
power management:

processor	: 1
vendor_id	: GenuineIntel
cpu family	: 6
model		: 69
model name	: Intel(R) Core(TM) i7-4500U CPU @ 1.80GHz
stepping	: 1
microcode	: 0x17
cpu MHz		: 1800.000
cache size	: 4096 KB
physical id	: 0
siblings	: 4
core id		: 0
cpu cores	: 2
apicid		: 1
initial apicid	: 1
fpu		: yes
fpu_exception	: yes
cpuid level	: 13
wp		: yes
flags		: fpu vme de pse tsc msr pae mce cx8 apic sep mtrr pge mca cmov pat pse36 clflush dts acpi mmx fxsr sse sse2 ss ht tm pbe syscall nx pdpe1gb rdtscp lm constant_tsc arch_perfmon pebs bts rep_good nopl xtopology nonstop_tsc aperfmperf eagerfpu pni pclmulqdq dtes64 monitor ds_cpl vmx est tm2 ssse3 fma cx16 xtpr pdcm pcid sse4_1 sse4_2 movbe popcnt tsc_deadline_timer aes xsave avx f16c rdrand lahf_lm abm ida arat epb xsaveopt pln pts dtherm tpr_shadow vnmi flexpriority ept vpid fsgsbase tsc_adjust bmi1 avx2 smep bmi2 erms invpcid
bogomips	: 4787.86
clflush size	: 64
cache_alignment	: 64
address sizes	: 39 bits physical, 48 bits virtual
power management:

processor	: 2
vendor_id	: GenuineIntel
cpu family	: 6
model		: 69
model name	: Intel(R) Core(TM) i7-4500U CPU @ 1.80GHz
stepping	: 1
microcode	: 0x17
cpu MHz		: 1800.000
cache size	: 4096 KB
physical id	: 0
siblings	: 4
core id		: 1
cpu cores	: 2
apicid		: 2
initial apicid	: 2
fpu		: yes
fpu_exception	: yes
cpuid level	: 13
wp		: yes
flags		: fpu vme de pse tsc msr pae mce cx8 apic sep mtrr pge mca cmov pat pse36 clflush dts acpi mmx fxsr sse sse2 ss ht tm pbe syscall nx pdpe1gb rdtscp lm constant_tsc arch_perfmon pebs bts rep_good nopl xtopology nonstop_tsc aperfmperf eagerfpu pni pclmulqdq dtes64 monitor ds_cpl vmx est tm2 ssse3 fma cx16 xtpr pdcm pcid sse4_1 sse4_2 movbe popcnt tsc_deadline_timer aes xsave avx f16c rdrand lahf_lm abm ida arat epb xsaveopt pln pts dtherm tpr_shadow vnmi flexpriority ept vpid fsgsbase tsc_adjust bmi1 avx2 smep bmi2 erms invpcid
bogomips	: 4787.86
clflush size	: 64
cache_alignment	: 64
address sizes	: 39 bits physical, 48 bits virtual
power management:

processor	: 3
vendor_id	: GenuineIntel
cpu family	: 6
model		: 69
model name	: Intel(R) Core(TM) i7-4500U CPU @ 1.80GHz
stepping	: 1
microcode	: 0x17
cpu MHz		: 768.000
cache size	: 4096 KB
physical id	: 0
siblings	: 4
core id		: 1
cpu cores	: 2
apicid		: 3
initial apicid	: 3
fpu		: yes
fpu_exception	: yes
cpuid level	: 13
wp		: yes
flags		: fpu vme de pse tsc msr pae mce cx8 apic sep mtrr pge mca cmov pat pse36 clflush dts acpi mmx fxsr sse sse2 ss ht tm pbe syscall nx pdpe1gb rdtscp lm constant_tsc arch_perfmon pebs bts rep_good nopl xtopology nonstop_tsc aperfmperf eagerfpu pni pclmulqdq dtes64 monitor ds_cpl vmx est tm2 ssse3 fma cx16 xtpr pdcm pcid sse4_1 sse4_2 movbe popcnt tsc_deadline_timer aes xsave avx f16c rdrand lahf_lm abm ida arat epb xsaveopt pln pts dtherm tpr_shadow vnmi flexpriority ept vpid fsgsbase tsc_adjust bmi1 avx2 smep bmi2 erms invpcid
bogomips	: 4787.86
clflush size	: 64
cache_alignment	: 64
address sizes	: 39 bits physical, 48 bits virtual
power management:



Memory: 4k page, physical 3958116k(93456k free), swap 4104188k(0k free)

vm_info: OpenJDK 64-Bit Server VM (24.75-b04) for linux-amd64 JRE (1.7.0_75-b13), built on Jan 27 2015 00:38:59 by "buildd" with gcc 4.8.2

time: Tue Mar 10 00:31:58 2015
elapsed time: 10 seconds

