#
# There is insufficient memory for the Java Runtime Environment to continue.
# Native memory allocation (malloc) failed to allocate 135266304 bytes for committing reserved memory.
# Possible reasons:
#   The system is out of physical RAM or swap space
#   In 32 bit mode, the process size limit was hit
# Possible solutions:
#   Reduce memory load on the system
#   Increase physical memory or swap space
#   Check if swap backing store is full
#   Use 64 bit Java on a 64 bit OS
#   Decrease Java heap size (-Xmx/-Xms)
#   Decrease number of Java threads
#   Decrease Java thread stack sizes (-Xss)
#   Set larger code cache with -XX:ReservedCodeCacheSize=
# This output file may be truncated or incomplete.
#
#  Out of Memory Error (os_linux.cpp:2798), pid=13855, tid=139976949634816
#
# JRE version: OpenJDK Runtime Environment (7.0_75-b13) (build 1.7.0_75-b13)
# Java VM: OpenJDK 64-Bit Server VM (24.75-b04 mixed mode linux-amd64 compressed oops)
# Derivative: IcedTea 2.5.4
# Distribution: Ubuntu 14.04 LTS, package 7u75-2.5.4-1~trusty1
# Failed to write core dump. Core dumps have been disabled. To enable core dumping, try "ulimit -c unlimited" before starting Java again
#

---------------  T H R E A D  ---------------

Current thread (0x00007f4ef4076000):  VMThread [stack: 0x00007f4eec4c1000,0x00007f4eec5c2000] [id=13861]

Stack: [0x00007f4eec4c1000,0x00007f4eec5c2000],  sp=0x00007f4eec5c0490,  free space=1021k
Native frames: (J=compiled Java code, j=interpreted, Vv=VM code, C=native code)
V  [libjvm.so+0x94a9d5]  VMError::report_and_die()+0x175
V  [libjvm.so+0x48b954]  report_vm_out_of_memory(char const*, int, unsigned long, char const*)+0x74
V  [libjvm.so+0x7c7b7b]  os::pd_commit_memory(char*, unsigned long, unsigned long, bool)+0xeb
V  [libjvm.so+0x7c263f]  os::commit_memory(char*, unsigned long, unsigned long, bool)+0x1f
V  [libjvm.so+0x834b1b]  PSVirtualSpace::expand_by(unsigned long)+0x5b
V  [libjvm.so+0x835970]  PSYoungGen::resize_generation(unsigned long, unsigned long)+0xb0
V  [libjvm.so+0x83605b]  PSYoungGen::resize(unsigned long, unsigned long)+0x1b
V  [libjvm.so+0x832340]  PSScavenge::invoke_no_policy()+0xde0
V  [libjvm.so+0x832b18]  PSScavenge::invoke()+0x38
V  [libjvm.so+0x7e9203]  ParallelScavengeHeap::failed_mem_allocate(unsigned long)+0x63
V  [libjvm.so+0x94c3d4]  VM_ParallelGCFailedAllocation::doit()+0x84
V  [libjvm.so+0x9508d7]  VM_Operation::evaluate()+0x47
V  [libjvm.so+0x94f248]  VMThread::evaluate_operation(VM_Operation*)+0x318
V  [libjvm.so+0x94f6a9]  VMThread::loop()+0x219
V  [libjvm.so+0x94faf2]  VMThread::run()+0x72
V  [libjvm.so+0x7c4a42]  java_start(Thread*)+0xf2

VM_Operation (0x00007f4efaaae600): ParallelGCFailedAllocation, mode: safepoint, requested by thread 0x00007f4ef400a800


---------------  P R O C E S S  ---------------

Java Threads: ( => current thread )
  0x00007f4ef40af000 JavaThread "Service Thread" daemon [_thread_blocked, id=13867, stack(0x00007f4edf71c000,0x00007f4edf81d000)]
  0x00007f4ef40ac800 JavaThread "C2 CompilerThread1" daemon [_thread_blocked, id=13866, stack(0x00007f4edf81d000,0x00007f4edf91e000)]
  0x00007f4ef40a9800 JavaThread "C2 CompilerThread0" daemon [_thread_blocked, id=13865, stack(0x00007f4eec0bd000,0x00007f4eec1be000)]
  0x00007f4ef40a7800 JavaThread "Signal Dispatcher" daemon [_thread_blocked, id=13864, stack(0x00007f4eec1be000,0x00007f4eec2bf000)]
  0x00007f4ef407c000 JavaThread "Finalizer" daemon [_thread_blocked, id=13863, stack(0x00007f4eec2bf000,0x00007f4eec3c0000)]
  0x00007f4ef407a000 JavaThread "Reference Handler" daemon [_thread_blocked, id=13862, stack(0x00007f4eec3c0000,0x00007f4eec4c1000)]
  0x00007f4ef400a800 JavaThread "main" [_thread_blocked, id=13856, stack(0x00007f4efa9af000,0x00007f4efaab0000)]

Other Threads:
=>0x00007f4ef4076000 VMThread [stack: 0x00007f4eec4c1000,0x00007f4eec5c2000] [id=13861]
  0x00007f4ef40b9800 WatcherThread [stack: 0x00007f4edf61b000,0x00007f4edf71c000] [id=13868]

VM state:at safepoint (normal execution)

VM Mutex/Monitor currently owned by a thread:  ([mutex/lock_event])
[0x00007f4ef4006ad0] Threads_lock - owner thread: 0x00007f4ef4076000
[0x00007f4ef4006fd0] Heap_lock - owner thread: 0x00007f4ef400a800

Heap
 PSYoungGen      total 134144K, used 8192K [0x00000000ebd00000, 0x00000000f4900000, 0x0000000100000000)
  eden space 125952K, 0% used [0x00000000ebd00000,0x00000000ebd00000,0x00000000f3800000)
  from space 8192K, 100% used [0x00000000f3800000,0x00000000f4000000,0x00000000f4000000)
  to   space 7168K, 0% used [0x00000000f4000000,0x00000000f4000000,0x00000000f4700000)
 ParOldGen       total 40960K, used 10960K [0x00000000c3800000, 0x00000000c6000000, 0x00000000ebd00000)
  object space 40960K, 26% used [0x00000000c3800000,0x00000000c42b4090,0x00000000c6000000)
 PSPermGen       total 21504K, used 3867K [0x00000000b9200000, 0x00000000ba700000, 0x00000000c3800000)
  object space 21504K, 17% used [0x00000000b9200000,0x00000000b95c6d60,0x00000000ba700000)

Card table byte_map: [0x00007f4ef0383000,0x00007f4ef05bb000] byte_map_base: 0x00007f4eefdba000

Polling page: 0x00007f4efaad4000

Code Cache  [0x00007f4ef05bb000, 0x00007f4ef082b000, 0x00007f4ef35bb000)
 total_blobs=316 nmethods=112 adapters=157 free_code_cache=48546Kb largest_free_block=49693888

Compilation events (10 events):
Event: 0.864 Thread 0x00007f4ef40a9800 nmethod 108 0x00007f4ef0640750 code [0x00007f4ef06408a0, 0x00007f4ef0640928]
Event: 0.864 Thread 0x00007f4ef40a9800  109             java.util.regex.Pattern$BitClass::isSatisfiedBy (22 bytes)
Event: 0.865 Thread 0x00007f4ef40a9800 nmethod 109 0x00007f4ef0649a90 code [0x00007f4ef0649be0, 0x00007f4ef0649c78]
Event: 0.865 Thread 0x00007f4ef40a9800  110             java.util.regex.Pattern$Single::isSatisfiedBy (14 bytes)
Event: 0.865 Thread 0x00007f4ef40a9800 nmethod 110 0x00007f4ef0648f10 code [0x00007f4ef0649040, 0x00007f4ef0649098]
Event: 0.866 Thread 0x00007f4ef40ac800 nmethod 105% 0x00007f4ef064a8d0 code [0x00007f4ef064aaa0, 0x00007f4ef064af90]
Event: 0.882 Thread 0x00007f4ef40a9800  111             java.nio.Buffer::limit (62 bytes)
Event: 0.882 Thread 0x00007f4ef40a9800 nmethod 111 0x00007f4ef0655190 code [0x00007f4ef06552c0, 0x00007f4ef0655358]
Event: 0.903 Thread 0x00007f4ef40ac800  112             java.nio.Buffer::capacity (5 bytes)
Event: 0.903 Thread 0x00007f4ef40ac800 nmethod 112 0x00007f4ef0654f50 code [0x00007f4ef0655080, 0x00007f4ef06550d8]

GC Heap History (10 events):
Event: 0.328 GC heap after
Heap after GC invocations=2 (full 0):
 PSYoungGen      total 34304K, used 2160K [0x00000000ebd00000, 0x00000000ee100000, 0x0000000100000000)
  eden space 31744K, 0% used [0x00000000ebd00000,0x00000000ebd00000,0x00000000edc00000)
  from space 2560K, 84% used [0x00000000ede80000,0x00000000ee09c010,0x00000000ee100000)
  to   space 2560K, 0% used [0x00000000edc00000,0x00000000edc00000,0x00000000ede80000)
 ParOldGen       total 40960K, used 16K [0x00000000c3800000, 0x00000000c6000000, 0x00000000ebd00000)
  object space 40960K, 0% used [0x00000000c3800000,0x00000000c3804000,0x00000000c6000000)
 PSPermGen       total 21504K, used 3866K [0x00000000b9200000, 0x00000000ba700000, 0x00000000c3800000)
  object space 21504K, 17% used [0x00000000b9200000,0x00000000b95c6a50,0x00000000ba700000)
}
Event: 0.425 GC heap before
{Heap before GC invocations=3 (full 0):
 PSYoungGen      total 34304K, used 33904K [0x00000000ebd00000, 0x00000000ee100000, 0x0000000100000000)
  eden space 31744K, 100% used [0x00000000ebd00000,0x00000000edc00000,0x00000000edc00000)
  from space 2560K, 84% used [0x00000000ede80000,0x00000000ee09c010,0x00000000ee100000)
  to   space 2560K, 0% used [0x00000000edc00000,0x00000000edc00000,0x00000000ede80000)
 ParOldGen       total 40960K, used 16K [0x00000000c3800000, 0x00000000c6000000, 0x00000000ebd00000)
  object space 40960K, 0% used [0x00000000c3800000,0x00000000c3804000,0x00000000c6000000)
 PSPermGen       total 21504K, used 3866K [0x00000000b9200000, 0x00000000ba700000, 0x00000000c3800000)
  object space 21504K, 17% used [0x00000000b9200000,0x00000000b95c6a70,0x00000000ba700000)
Event: 0.843 GC heap after
Heap after GC invocations=3 (full 0):
 PSYoungGen      total 34304K, used 2544K [0x00000000ebd00000, 0x00000000f0000000, 0x0000000100000000)
  eden space 31744K, 0% used [0x00000000ebd00000,0x00000000ebd00000,0x00000000edc00000)
  from space 2560K, 99% used [0x00000000edc00000,0x00000000ede7c010,0x00000000ede80000)
  to   space 2560K, 0% used [0x00000000efd80000,0x00000000efd80000,0x00000000f0000000)
 ParOldGen       total 40960K, used 1280K [0x00000000c3800000, 0x00000000c6000000, 0x00000000ebd00000)
  object space 40960K, 3% used [0x00000000c3800000,0x00000000c3940000,0x00000000c6000000)
 PSPermGen       total 21504K, used 3866K [0x00000000b9200000, 0x00000000ba700000, 0x00000000c3800000)
  object space 21504K, 17% used [0x00000000b9200000,0x00000000b95c6a70,0x00000000ba700000)
}
Event: 0.866 GC heap before
{Heap before GC invocations=4 (full 0):
 PSYoungGen      total 34304K, used 34288K [0x00000000ebd00000, 0x00000000f0000000, 0x0000000100000000)
  eden space 31744K, 100% used [0x00000000ebd00000,0x00000000edc00000,0x00000000edc00000)
  from space 2560K, 99% used [0x00000000edc00000,0x00000000ede7c010,0x00000000ede80000)
  to   space 2560K, 0% used [0x00000000efd80000,0x00000000efd80000,0x00000000f0000000)
 ParOldGen       total 40960K, used 1280K [0x00000000c3800000, 0x00000000c6000000, 0x00000000ebd00000)
  object space 40960K, 3% used [0x00000000c3800000,0x00000000c3940000,0x00000000c6000000)
 PSPermGen       total 21504K, used 3866K [0x00000000b9200000, 0x00000000ba700000, 0x00000000c3800000)
  object space 21504K, 17% used [0x00000000b9200000,0x00000000b95c6a70,0x00000000ba700000)
Event: 0.872 GC heap after
Heap after GC invocations=4 (full 0):
 PSYoungGen      total 66048K, used 2544K [0x00000000ebd00000, 0x00000000f0000000, 0x0000000100000000)
  eden space 63488K, 0% used [0x00000000ebd00000,0x00000000ebd00000,0x00000000efb00000)
  from space 2560K, 99% used [0x00000000efd80000,0x00000000efffc010,0x00000000f0000000)
  to   space 2560K, 0% used [0x00000000efb00000,0x00000000efb00000,0x00000000efd80000)
 ParOldGen       total 40960K, used 2944K [0x00000000c3800000, 0x00000000c6000000, 0x00000000ebd00000)
  object space 40960K, 7% used [0x00000000c3800000,0x00000000c3ae0000,0x00000000c6000000)
 PSPermGen       total 21504K, used 3866K [0x00000000b9200000, 0x00000000ba700000, 0x00000000c3800000)
  object space 21504K, 17% used [0x00000000b9200000,0x00000000b95c6a70,0x00000000ba700000)
}
Event: 0.906 GC heap before
{Heap before GC invocations=5 (full 0):
 PSYoungGen      total 66048K, used 66032K [0x00000000ebd00000, 0x00000000f0000000, 0x0000000100000000)
  eden space 63488K, 100% used [0x00000000ebd00000,0x00000000efb00000,0x00000000efb00000)
  from space 2560K, 99% used [0x00000000efd80000,0x00000000efffc010,0x00000000f0000000)
  to   space 2560K, 0% used [0x00000000efb00000,0x00000000efb00000,0x00000000efd80000)
 ParOldGen       total 40960K, used 2944K [0x00000000c3800000, 0x00000000c6000000, 0x00000000ebd00000)
  object space 40960K, 7% used [0x00000000c3800000,0x00000000c3ae0000,0x00000000c6000000)
 PSPermGen       total 21504K, used 3867K [0x00000000b9200000, 0x00000000ba700000, 0x00000000c3800000)
  object space 21504K, 17% used [0x00000000b9200000,0x00000000b95c6c80,0x00000000ba700000)
Event: 0.920 GC heap after
Heap after GC invocations=5 (full 0):
 PSYoungGen      total 66048K, used 2544K [0x00000000ebd00000, 0x00000000f4700000, 0x0000000100000000)
  eden space 63488K, 0% used [0x00000000ebd00000,0x00000000ebd00000,0x00000000efb00000)
  from space 2560K, 99% used [0x00000000efb00000,0x00000000efd7c010,0x00000000efd80000)
  to   space 7168K, 0% used [0x00000000f4000000,0x00000000f4000000,0x00000000f4700000)
 ParOldGen       total 40960K, used 6456K [0x00000000c3800000, 0x00000000c6000000, 0x00000000ebd00000)
  object space 40960K, 15% used [0x00000000c3800000,0x00000000c3e4e000,0x00000000c6000000)
 PSPermGen       total 21504K, used 3867K [0x00000000b9200000, 0x00000000ba700000, 0x00000000c3800000)
  object space 21504K, 17% used [0x00000000b9200000,0x00000000b95c6c80,0x00000000ba700000)
}
Event: 0.952 GC heap before
{Heap before GC invocations=6 (full 0):
 PSYoungGen      total 66048K, used 66032K [0x00000000ebd00000, 0x00000000f4700000, 0x0000000100000000)
  eden space 63488K, 100% used [0x00000000ebd00000,0x00000000efb00000,0x00000000efb00000)
  from space 2560K, 99% used [0x00000000efb00000,0x00000000efd7c010,0x00000000efd80000)
  to   space 7168K, 0% used [0x00000000f4000000,0x00000000f4000000,0x00000000f4700000)
 ParOldGen       total 40960K, used 6456K [0x00000000c3800000, 0x00000000c6000000, 0x00000000ebd00000)
  object space 40960K, 15% used [0x00000000c3800000,0x00000000c3e4e000,0x00000000c6000000)
 PSPermGen       total 21504K, used 3867K [0x00000000b9200000, 0x00000000ba700000, 0x00000000c3800000)
  object space 21504K, 17% used [0x00000000b9200000,0x00000000b95c6c80,0x00000000ba700000)
Event: 0.962 GC heap after
Heap after GC invocations=6 (full 0):
 PSYoungGen      total 133120K, used 6096K [0x00000000ebd00000, 0x00000000f4900000, 0x0000000100000000)
  eden space 125952K, 0% used [0x00000000ebd00000,0x00000000ebd00000,0x00000000f3800000)
  from space 7168K, 85% used [0x00000000f4000000,0x00000000f45f4010,0x00000000f4700000)
  to   space 8192K, 0% used [0x00000000f3800000,0x00000000f3800000,0x00000000f4000000)
 ParOldGen       total 40960K, used 6456K [0x00000000c3800000, 0x00000000c6000000, 0x00000000ebd00000)
  object space 40960K, 15% used [0x00000000c3800000,0x00000000c3e4e000,0x00000000c6000000)
 PSPermGen       total 21504K, used 3867K [0x00000000b9200000, 0x00000000ba700000, 0x00000000c3800000)
  object space 21504K, 17% used [0x00000000b9200000,0x00000000b95c6c80,0x00000000ba700000)
}
Event: 1.179 GC heap before
{Heap before GC invocations=7 (full 0):
 PSYoungGen      total 133120K, used 132048K [0x00000000ebd00000, 0x00000000f4900000, 0x0000000100000000)
  eden space 125952K, 100% used [0x00000000ebd00000,0x00000000f3800000,0x00000000f3800000)
  from space 7168K, 85% used [0x00000000f4000000,0x00000000f45f4010,0x00000000f4700000)
  to   space 8192K, 0% used [0x00000000f3800000,0x00000000f3800000,0x00000000f4000000)
 ParOldGen       total 40960K, used 6456K [0x00000000c3800000, 0x00000000c6000000, 0x00000000ebd00000)
  object space 40960K, 15% used [0x00000000c3800000,0x00000000c3e4e000,0x00000000c6000000)
 PSPermGen       total 21504K, used 3867K [0x00000000b9200000, 0x00000000ba700000, 0x00000000c3800000)
  object space 21504K, 17% used [0x00000000b9200000,0x00000000b95c6d60,0x00000000ba700000)

Deoptimization events (9 events):
Event: 0.208 Thread 0x00007f4ef400a800 Uncommon trap: reason=array_check action=maybe_recompile pc=0x00007f4ef062b128 method=java.util.AbstractCollection.toArray([Ljava/lang/Object;)[Ljava/lang/Object; @ 119
Event: 0.208 Thread 0x00007f4ef400a800 Uncommon trap: reason=array_check action=maybe_recompile pc=0x00007f4ef062b128 method=java.util.AbstractCollection.toArray([Ljava/lang/Object;)[Ljava/lang/Object; @ 119
Event: 0.208 Thread 0x00007f4ef400a800 Uncommon trap: reason=array_check action=maybe_recompile pc=0x00007f4ef062b128 method=java.util.AbstractCollection.toArray([Ljava/lang/Object;)[Ljava/lang/Object; @ 119
Event: 0.208 Thread 0x00007f4ef400a800 Uncommon trap: reason=array_check action=maybe_recompile pc=0x00007f4ef062b128 method=java.util.AbstractCollection.toArray([Ljava/lang/Object;)[Ljava/lang/Object; @ 119
Event: 0.392 Thread 0x00007f4ef400a800 Uncommon trap: reason=class_check action=maybe_recompile pc=0x00007f4ef064461c method=java.util.regex.Matcher.getTextLength()I @ 4
Event: 0.392 Thread 0x00007f4ef400a800 Uncommon trap: reason=class_check action=maybe_recompile pc=0x00007f4ef064461c method=java.util.regex.Matcher.getTextLength()I @ 4
Event: 0.392 Thread 0x00007f4ef400a800 Uncommon trap: reason=class_check action=maybe_recompile pc=0x00007f4ef064461c method=java.util.regex.Matcher.getTextLength()I @ 4
Event: 0.392 Thread 0x00007f4ef400a800 Uncommon trap: reason=class_check action=maybe_recompile pc=0x00007f4ef064461c method=java.util.regex.Matcher.getTextLength()I @ 4
Event: 0.404 Thread 0x00007f4ef400a800 Uncommon trap: reason=class_check action=maybe_recompile pc=0x00007f4ef0645ebc method=java.util.regex.Matcher.getTextLength()I @ 4

Internal exceptions (10 events):
Event: 0.060 Thread 0x00007f4ef400a800 Threw 0x00000000ebdabf10 at /build/buildd/openjdk-7-7u75-2.5.4/build/openjdk/hotspot/src/share/vm/prims/jvm.cpp:1284
Event: 0.083 Thread 0x00007f4ef400a800 Threw 0x00000000ebde1a00 at /build/buildd/openjdk-7-7u75-2.5.4/build/openjdk/hotspot/src/share/vm/prims/jvm.cpp:1284
Event: 0.083 Thread 0x00007f4ef400a800 Threw 0x00000000ebde1b28 at /build/buildd/openjdk-7-7u75-2.5.4/build/openjdk/hotspot/src/share/vm/prims/jvm.cpp:1284
Event: 0.083 Thread 0x00007f4ef400a800 Threw 0x00000000ebde41d8 at /build/buildd/openjdk-7-7u75-2.5.4/build/openjdk/hotspot/src/share/vm/prims/jvm.cpp:1284
Event: 0.083 Thread 0x00007f4ef400a800 Threw 0x00000000ebde4300 at /build/buildd/openjdk-7-7u75-2.5.4/build/openjdk/hotspot/src/share/vm/prims/jvm.cpp:1284
Event: 0.083 Thread 0x00007f4ef400a800 Threw 0x00000000ebde4d00 at /build/buildd/openjdk-7-7u75-2.5.4/build/openjdk/hotspot/src/share/vm/prims/jvm.cpp:1284
Event: 0.083 Thread 0x00007f4ef400a800 Threw 0x00000000ebde4e28 at /build/buildd/openjdk-7-7u75-2.5.4/build/openjdk/hotspot/src/share/vm/prims/jvm.cpp:1284
Event: 0.092 Thread 0x00007f4ef400a800 Threw 0x00000000ebdf8870 at /build/buildd/openjdk-7-7u75-2.5.4/build/openjdk/hotspot/src/share/vm/prims/jvm.cpp:1284
Event: 0.094 Thread 0x00007f4ef400a800 Threw 0x00000000ebe02f58 at /build/buildd/openjdk-7-7u75-2.5.4/build/openjdk/hotspot/src/share/vm/prims/jvm.cpp:1284
Event: 0.095 Thread 0x00007f4ef400a800 Threw 0x00000000ebe06230 at /build/buildd/openjdk-7-7u75-2.5.4/build/openjdk/hotspot/src/share/vm/prims/jvm.cpp:1284

Events (10 events):
Event: 0.404 Thread 0x00007f4ef400a800 DEOPT UNPACKING pc=0x00007f4ef05f4445 sp=0x00007f4efaaae528 mode 2
Event: 0.425 Executing VM operation: ParallelGCFailedAllocation
Event: 0.843 Executing VM operation: ParallelGCFailedAllocation done
Event: 0.866 Executing VM operation: ParallelGCFailedAllocation
Event: 0.872 Executing VM operation: ParallelGCFailedAllocation done
Event: 0.906 Executing VM operation: ParallelGCFailedAllocation
Event: 0.920 Executing VM operation: ParallelGCFailedAllocation done
Event: 0.952 Executing VM operation: ParallelGCFailedAllocation
Event: 0.962 Executing VM operation: ParallelGCFailedAllocation done
Event: 1.179 Executing VM operation: ParallelGCFailedAllocation


Dynamic libraries:
00400000-00401000 r-xp 00000000 08:02 3145958                            /usr/lib/jvm/java-7-openjdk-amd64/jre/bin/java
00600000-00601000 r--p 00000000 08:02 3145958                            /usr/lib/jvm/java-7-openjdk-amd64/jre/bin/java
00601000-00602000 rw-p 00001000 08:02 3145958                            /usr/lib/jvm/java-7-openjdk-amd64/jre/bin/java
0228f000-022b0000 rw-p 00000000 00:00 0                                  [heap]
b9200000-ba700000 rw-p 00000000 00:00 0 
ba700000-c3800000 rw-p 00000000 00:00 0 
c3800000-c6000000 rw-p 00000000 00:00 0 
c6000000-ebd00000 rw-p 00000000 00:00 0 
ebd00000-f4900000 rw-p 00000000 00:00 0 
fca00000-100000000 rw-p 00000000 00:00 0 
7f4eb8000000-7f4eb8021000 rw-p 00000000 00:00 0 
7f4eb8021000-7f4ebc000000 ---p 00000000 00:00 0 
7f4ebc000000-7f4ebc021000 rw-p 00000000 00:00 0 
7f4ebc021000-7f4ec0000000 ---p 00000000 00:00 0 
7f4ec0000000-7f4ec03c9000 rw-p 00000000 00:00 0 
7f4ec03c9000-7f4ec4000000 ---p 00000000 00:00 0 
7f4ec4000000-7f4ec43fb000 rw-p 00000000 00:00 0 
7f4ec43fb000-7f4ec8000000 ---p 00000000 00:00 0 
7f4ec8000000-7f4ec8021000 rw-p 00000000 00:00 0 
7f4ec8021000-7f4ecc000000 ---p 00000000 00:00 0 
7f4ecc000000-7f4ecc021000 rw-p 00000000 00:00 0 
7f4ecc021000-7f4ed0000000 ---p 00000000 00:00 0 
7f4ed0000000-7f4ed0021000 rw-p 00000000 00:00 0 
7f4ed0021000-7f4ed4000000 ---p 00000000 00:00 0 
7f4ed4000000-7f4ed4021000 rw-p 00000000 00:00 0 
7f4ed4021000-7f4ed8000000 ---p 00000000 00:00 0 
7f4ed8000000-7f4ed8021000 rw-p 00000000 00:00 0 
7f4ed8021000-7f4edc000000 ---p 00000000 00:00 0 
7f4eddc63000-7f4edde9d000 rw-p 00000000 00:00 0 
7f4edde9d000-7f4eddead000 r-xp 00000000 08:02 3145927                    /usr/lib/jvm/java-7-openjdk-amd64/jre/lib/amd64/libnio.so
7f4eddead000-7f4ede0ad000 ---p 00010000 08:02 3145927                    /usr/lib/jvm/java-7-openjdk-amd64/jre/lib/amd64/libnio.so
7f4ede0ad000-7f4ede0ae000 r--p 00010000 08:02 3145927                    /usr/lib/jvm/java-7-openjdk-amd64/jre/lib/amd64/libnio.so
7f4ede0ae000-7f4ede0af000 rw-p 00011000 08:02 3145927                    /usr/lib/jvm/java-7-openjdk-amd64/jre/lib/amd64/libnio.so
7f4ede0af000-7f4ede0ec000 r-xp 00000000 08:02 34303                      /lib/x86_64-linux-gnu/libpcre.so.3.13.1
7f4ede0ec000-7f4ede2eb000 ---p 0003d000 08:02 34303                      /lib/x86_64-linux-gnu/libpcre.so.3.13.1
7f4ede2eb000-7f4ede2ec000 r--p 0003c000 08:02 34303                      /lib/x86_64-linux-gnu/libpcre.so.3.13.1
7f4ede2ec000-7f4ede2ed000 rw-p 0003d000 08:02 34303                      /lib/x86_64-linux-gnu/libpcre.so.3.13.1
7f4ede2ed000-7f4ede2f4000 r-xp 00000000 08:02 8555                       /usr/lib/x86_64-linux-gnu/libffi.so.6.0.1
7f4ede2f4000-7f4ede4f3000 ---p 00007000 08:02 8555                       /usr/lib/x86_64-linux-gnu/libffi.so.6.0.1
7f4ede4f3000-7f4ede4f4000 r--p 00006000 08:02 8555                       /usr/lib/x86_64-linux-gnu/libffi.so.6.0.1
7f4ede4f4000-7f4ede4f5000 rw-p 00007000 08:02 8555                       /usr/lib/x86_64-linux-gnu/libffi.so.6.0.1
7f4ede4f5000-7f4ede50c000 r-xp 00000000 08:02 78182                      /lib/x86_64-linux-gnu/libresolv-2.19.so
7f4ede50c000-7f4ede70c000 ---p 00017000 08:02 78182                      /lib/x86_64-linux-gnu/libresolv-2.19.so
7f4ede70c000-7f4ede70d000 r--p 00017000 08:02 78182                      /lib/x86_64-linux-gnu/libresolv-2.19.so
7f4ede70d000-7f4ede70e000 rw-p 00018000 08:02 78182                      /lib/x86_64-linux-gnu/libresolv-2.19.so
7f4ede70e000-7f4ede710000 rw-p 00000000 00:00 0 
7f4ede710000-7f4ede730000 r-xp 00000000 08:02 34330                      /lib/x86_64-linux-gnu/libselinux.so.1
7f4ede730000-7f4ede92f000 ---p 00020000 08:02 34330                      /lib/x86_64-linux-gnu/libselinux.so.1
7f4ede92f000-7f4ede930000 r--p 0001f000 08:02 34330                      /lib/x86_64-linux-gnu/libselinux.so.1
7f4ede930000-7f4ede931000 rw-p 00020000 08:02 34330                      /lib/x86_64-linux-gnu/libselinux.so.1
7f4ede931000-7f4ede933000 rw-p 00000000 00:00 0 
7f4ede933000-7f4ede936000 r-xp 00000000 08:02 689                        /usr/lib/x86_64-linux-gnu/libgmodule-2.0.so.0.4002.0
7f4ede936000-7f4edeb35000 ---p 00003000 08:02 689                        /usr/lib/x86_64-linux-gnu/libgmodule-2.0.so.0.4002.0
7f4edeb35000-7f4edeb36000 r--p 00002000 08:02 689                        /usr/lib/x86_64-linux-gnu/libgmodule-2.0.so.0.4002.0
7f4edeb36000-7f4edeb37000 rw-p 00003000 08:02 689                        /usr/lib/x86_64-linux-gnu/libgmodule-2.0.so.0.4002.0
7f4edeb37000-7f4edec3d000 r-xp 00000000 08:02 671                        /lib/x86_64-linux-gnu/libglib-2.0.so.0.4002.0
7f4edec3d000-7f4edee3c000 ---p 00106000 08:02 671                        /lib/x86_64-linux-gnu/libglib-2.0.so.0.4002.0
7f4edee3c000-7f4edee3d000 r--p 00105000 08:02 671                        /lib/x86_64-linux-gnu/libglib-2.0.so.0.4002.0
7f4edee3d000-7f4edee3e000 rw-p 00106000 08:02 671                        /lib/x86_64-linux-gnu/libglib-2.0.so.0.4002.0
7f4edee3e000-7f4edee3f000 rw-p 00000000 00:00 0 
7f4edee3f000-7f4edee8e000 r-xp 00000000 08:02 692                        /usr/lib/x86_64-linux-gnu/libgobject-2.0.so.0.4002.0
7f4edee8e000-7f4edf08e000 ---p 0004f000 08:02 692                        /usr/lib/x86_64-linux-gnu/libgobject-2.0.so.0.4002.0
7f4edf08e000-7f4edf08f000 r--p 0004f000 08:02 692                        /usr/lib/x86_64-linux-gnu/libgobject-2.0.so.0.4002.0
7f4edf08f000-7f4edf090000 rw-p 00050000 08:02 692                        /usr/lib/x86_64-linux-gnu/libgobject-2.0.so.0.4002.0
7f4edf090000-7f4edf1fc000 r-xp 00000000 08:02 732                        /usr/lib/x86_64-linux-gnu/libgio-2.0.so.0.4002.0
7f4edf1fc000-7f4edf3fb000 ---p 0016c000 08:02 732                        /usr/lib/x86_64-linux-gnu/libgio-2.0.so.0.4002.0
7f4edf3fb000-7f4edf3ff000 r--p 0016b000 08:02 732                        /usr/lib/x86_64-linux-gnu/libgio-2.0.so.0.4002.0
7f4edf3ff000-7f4edf401000 rw-p 0016f000 08:02 732                        /usr/lib/x86_64-linux-gnu/libgio-2.0.so.0.4002.0
7f4edf401000-7f4edf403000 rw-p 00000000 00:00 0 
7f4edf403000-7f4edf41a000 r-xp 00000000 08:02 3145931                    /usr/lib/jvm/java-7-openjdk-amd64/jre/lib/amd64/libnet.so
7f4edf41a000-7f4edf619000 ---p 00017000 08:02 3145931                    /usr/lib/jvm/java-7-openjdk-amd64/jre/lib/amd64/libnet.so
7f4edf619000-7f4edf61a000 r--p 00016000 08:02 3145931                    /usr/lib/jvm/java-7-openjdk-amd64/jre/lib/amd64/libnet.so
7f4edf61a000-7f4edf61b000 rw-p 00017000 08:02 3145931                    /usr/lib/jvm/java-7-openjdk-amd64/jre/lib/amd64/libnet.so
7f4edf61b000-7f4edf61c000 ---p 00000000 00:00 0 
7f4edf61c000-7f4edf71c000 rw-p 00000000 00:00 0                          [stack:13868]
7f4edf71c000-7f4edf71f000 ---p 00000000 00:00 0 
7f4edf71f000-7f4edf81d000 rw-p 00000000 00:00 0                          [stack:13867]
7f4edf81d000-7f4edf820000 ---p 00000000 00:00 0 
7f4edf820000-7f4edf91e000 rw-p 00000000 00:00 0                          [stack:13866]
7f4edf91e000-7f4ee0000000 r--p 00000000 08:02 7278                       /usr/lib/locale/locale-archive
7f4ee0000000-7f4ee0021000 rw-p 00000000 00:00 0 
7f4ee0021000-7f4ee4000000 ---p 00000000 00:00 0 
7f4ee4000000-7f4ee4021000 rw-p 00000000 00:00 0 
7f4ee4021000-7f4ee8000000 ---p 00000000 00:00 0 
7f4ee8000000-7f4ee8021000 rw-p 00000000 00:00 0 
7f4ee8021000-7f4eec000000 ---p 00000000 00:00 0 
7f4eec06c000-7f4eec09d000 rw-p 00000000 00:00 0 
7f4eec0bd000-7f4eec0c0000 ---p 00000000 00:00 0 
7f4eec0c0000-7f4eec1be000 rw-p 00000000 00:00 0                          [stack:13865]
7f4eec1be000-7f4eec1c1000 ---p 00000000 00:00 0 
7f4eec1c1000-7f4eec2bf000 rw-p 00000000 00:00 0                          [stack:13864]
7f4eec2bf000-7f4eec2c2000 ---p 00000000 00:00 0 
7f4eec2c2000-7f4eec3c0000 rw-p 00000000 00:00 0                          [stack:13863]
7f4eec3c0000-7f4eec3c3000 ---p 00000000 00:00 0 
7f4eec3c3000-7f4eec4c1000 rw-p 00000000 00:00 0                          [stack:13862]
7f4eec4c1000-7f4eec4c2000 ---p 00000000 00:00 0 
7f4eec4c2000-7f4eed5bf000 rw-p 00000000 00:00 0                          [stack:13861]
7f4eed5bf000-7f4eed771000 r--s 01d23000 08:02 3145900                    /usr/lib/jvm/java-7-openjdk-amd64/jre/lib/rt.jar
7f4eed771000-7f4eefde9000 rw-p 00000000 00:00 0 
7f4eefde9000-7f4eefdea000 ---p 00000000 00:00 0 
7f4eefdea000-7f4eefeea000 rw-p 00000000 00:00 0                          [stack:13860]
7f4eefeea000-7f4eefeeb000 ---p 00000000 00:00 0 
7f4eefeeb000-7f4eeffeb000 rw-p 00000000 00:00 0                          [stack:13859]
7f4eeffeb000-7f4eeffec000 ---p 00000000 00:00 0 
7f4eeffec000-7f4ef00ec000 rw-p 00000000 00:00 0                          [stack:13858]
7f4ef00ec000-7f4ef00ed000 ---p 00000000 00:00 0 
7f4ef00ed000-7f4ef01f8000 rw-p 00000000 00:00 0                          [stack:13857]
7f4ef01f8000-7f4ef0240000 rw-p 00000000 00:00 0 
7f4ef0240000-7f4ef0254000 rw-p 00000000 00:00 0 
7f4ef0254000-7f4ef0383000 rw-p 00000000 00:00 0 
7f4ef0383000-7f4ef038e000 rw-p 00000000 00:00 0 
7f4ef038e000-7f4ef03d6000 rw-p 00000000 00:00 0 
7f4ef03d6000-7f4ef03ea000 rw-p 00000000 00:00 0 
7f4ef03ea000-7f4ef0518000 rw-p 00000000 00:00 0 
7f4ef0518000-7f4ef055f000 rw-p 00000000 00:00 0 
7f4ef055f000-7f4ef05ba000 rw-p 00000000 00:00 0 
7f4ef05ba000-7f4ef05bb000 rw-p 00000000 00:00 0 
7f4ef05bb000-7f4ef082b000 rwxp 00000000 00:00 0 
7f4ef082b000-7f4ef35bb000 rw-p 00000000 00:00 0 
7f4ef35bb000-7f4ef35c3000 r-xp 00000000 08:02 3145955                    /usr/lib/jvm/java-7-openjdk-amd64/jre/lib/amd64/libzip.so
7f4ef35c3000-7f4ef37c2000 ---p 00008000 08:02 3145955                    /usr/lib/jvm/java-7-openjdk-amd64/jre/lib/amd64/libzip.so
7f4ef37c2000-7f4ef37c3000 r--p 00007000 08:02 3145955                    /usr/lib/jvm/java-7-openjdk-amd64/jre/lib/amd64/libzip.so
7f4ef37c3000-7f4ef37c4000 rw-p 00008000 08:02 3145955                    /usr/lib/jvm/java-7-openjdk-amd64/jre/lib/amd64/libzip.so
7f4ef37c4000-7f4ef37cf000 r-xp 00000000 08:02 78184                      /lib/x86_64-linux-gnu/libnss_files-2.19.so
7f4ef37cf000-7f4ef39ce000 ---p 0000b000 08:02 78184                      /lib/x86_64-linux-gnu/libnss_files-2.19.so
7f4ef39ce000-7f4ef39cf000 r--p 0000a000 08:02 78184                      /lib/x86_64-linux-gnu/libnss_files-2.19.so
7f4ef39cf000-7f4ef39d0000 rw-p 0000b000 08:02 78184                      /lib/x86_64-linux-gnu/libnss_files-2.19.so
7f4ef39d0000-7f4ef39db000 r-xp 00000000 08:02 78204                      /lib/x86_64-linux-gnu/libnss_nis-2.19.so
7f4ef39db000-7f4ef3bda000 ---p 0000b000 08:02 78204                      /lib/x86_64-linux-gnu/libnss_nis-2.19.so
7f4ef3bda000-7f4ef3bdb000 r--p 0000a000 08:02 78204                      /lib/x86_64-linux-gnu/libnss_nis-2.19.so
7f4ef3bdb000-7f4ef3bdc000 rw-p 0000b000 08:02 78204                      /lib/x86_64-linux-gnu/libnss_nis-2.19.so
7f4ef3bdc000-7f4ef3bf3000 r-xp 00000000 08:02 78193                      /lib/x86_64-linux-gnu/libnsl-2.19.so
7f4ef3bf3000-7f4ef3df2000 ---p 00017000 08:02 78193                      /lib/x86_64-linux-gnu/libnsl-2.19.so
7f4ef3df2000-7f4ef3df3000 r--p 00016000 08:02 78193                      /lib/x86_64-linux-gnu/libnsl-2.19.so
7f4ef3df3000-7f4ef3df4000 rw-p 00017000 08:02 78193                      /lib/x86_64-linux-gnu/libnsl-2.19.so
7f4ef3df4000-7f4ef3df6000 rw-p 00000000 00:00 0 
7f4ef3df6000-7f4ef3dff000 r-xp 00000000 08:02 78192                      /lib/x86_64-linux-gnu/libnss_compat-2.19.so
7f4ef3dff000-7f4ef3ffe000 ---p 00009000 08:02 78192                      /lib/x86_64-linux-gnu/libnss_compat-2.19.so
7f4ef3ffe000-7f4ef3fff000 r--p 00008000 08:02 78192                      /lib/x86_64-linux-gnu/libnss_compat-2.19.so
7f4ef3fff000-7f4ef4000000 rw-p 00009000 08:02 78192                      /lib/x86_64-linux-gnu/libnss_compat-2.19.so
7f4ef4000000-7f4ef41a2000 rw-p 00000000 00:00 0 
7f4ef41a2000-7f4ef8000000 ---p 00000000 00:00 0 
7f4ef8003000-7f4ef8005000 r--s 0002e000 08:02 5902646                    /home/alexey/cs61b/ajg/lib/stdlib-package.jar
7f4ef8005000-7f4ef800d000 r--s 0009e000 08:02 5898400                    /home/alexey/cs61b/ajg/lib/algs4-package.jar
7f4ef800d000-7f4ef800f000 r--s 00001000 08:02 5902774                    /home/alexey/cs61b/ajg/lib/staffp0_obf.jar
7f4ef800f000-7f4ef8012000 r--s 0001a000 08:02 5903251                    /home/alexey/cs61b/ajg/lib/xchart-2.4.3.jar
7f4ef8012000-7f4ef8014000 r--s 00009000 08:02 5898403                    /home/alexey/cs61b/ajg/lib/hamcrest-core-1.3.jar
7f4ef8014000-7f4ef803c000 rw-p 00000000 00:00 0 
7f4ef803c000-7f4ef8067000 r-xp 00000000 08:02 3145940                    /usr/lib/jvm/java-7-openjdk-amd64/jre/lib/amd64/libjava.so
7f4ef8067000-7f4ef8267000 ---p 0002b000 08:02 3145940                    /usr/lib/jvm/java-7-openjdk-amd64/jre/lib/amd64/libjava.so
7f4ef8267000-7f4ef8268000 r--p 0002b000 08:02 3145940                    /usr/lib/jvm/java-7-openjdk-amd64/jre/lib/amd64/libjava.so
7f4ef8268000-7f4ef826a000 rw-p 0002c000 08:02 3145940                    /usr/lib/jvm/java-7-openjdk-amd64/jre/lib/amd64/libjava.so
7f4ef826a000-7f4ef827a000 r-xp 00000000 08:02 3145939                    /usr/lib/jvm/java-7-openjdk-amd64/jre/lib/amd64/libverify.so
7f4ef827a000-7f4ef8479000 ---p 00010000 08:02 3145939                    /usr/lib/jvm/java-7-openjdk-amd64/jre/lib/amd64/libverify.so
7f4ef8479000-7f4ef847b000 r--p 0000f000 08:02 3145939                    /usr/lib/jvm/java-7-openjdk-amd64/jre/lib/amd64/libverify.so
7f4ef847b000-7f4ef847c000 rw-p 00011000 08:02 3145939                    /usr/lib/jvm/java-7-openjdk-amd64/jre/lib/amd64/libverify.so
7f4ef847c000-7f4ef8483000 r-xp 00000000 08:02 78201                      /lib/x86_64-linux-gnu/librt-2.19.so
7f4ef8483000-7f4ef8682000 ---p 00007000 08:02 78201                      /lib/x86_64-linux-gnu/librt-2.19.so
7f4ef8682000-7f4ef8683000 r--p 00006000 08:02 78201                      /lib/x86_64-linux-gnu/librt-2.19.so
7f4ef8683000-7f4ef8684000 rw-p 00007000 08:02 78201                      /lib/x86_64-linux-gnu/librt-2.19.so
7f4ef8684000-7f4ef869a000 r-xp 00000000 08:02 4541                       /lib/x86_64-linux-gnu/libgcc_s.so.1
7f4ef869a000-7f4ef8899000 ---p 00016000 08:02 4541                       /lib/x86_64-linux-gnu/libgcc_s.so.1
7f4ef8899000-7f4ef889a000 rw-p 00015000 08:02 4541                       /lib/x86_64-linux-gnu/libgcc_s.so.1
7f4ef889a000-7f4ef899f000 r-xp 00000000 08:02 78183                      /lib/x86_64-linux-gnu/libm-2.19.so
7f4ef899f000-7f4ef8b9e000 ---p 00105000 08:02 78183                      /lib/x86_64-linux-gnu/libm-2.19.so
7f4ef8b9e000-7f4ef8b9f000 r--p 00104000 08:02 78183                      /lib/x86_64-linux-gnu/libm-2.19.so
7f4ef8b9f000-7f4ef8ba0000 rw-p 00105000 08:02 78183                      /lib/x86_64-linux-gnu/libm-2.19.so
7f4ef8ba0000-7f4ef8c86000 r-xp 00000000 08:02 9183                       /usr/lib/x86_64-linux-gnu/libstdc++.so.6.0.19
7f4ef8c86000-7f4ef8e85000 ---p 000e6000 08:02 9183                       /usr/lib/x86_64-linux-gnu/libstdc++.so.6.0.19
7f4ef8e85000-7f4ef8e8d000 r--p 000e5000 08:02 9183                       /usr/lib/x86_64-linux-gnu/libstdc++.so.6.0.19
7f4ef8e8d000-7f4ef8e8f000 rw-p 000ed000 08:02 9183                       /usr/lib/x86_64-linux-gnu/libstdc++.so.6.0.19
7f4ef8e8f000-7f4ef8ea4000 rw-p 00000000 00:00 0 
7f4ef8ea4000-7f4ef99bc000 r-xp 00000000 08:02 3145944                    /usr/lib/jvm/java-7-openjdk-amd64/jre/lib/amd64/server/libjvm.so
7f4ef99bc000-7f4ef9bbc000 ---p 00b18000 08:02 3145944                    /usr/lib/jvm/java-7-openjdk-amd64/jre/lib/amd64/server/libjvm.so
7f4ef9bbc000-7f4ef9c56000 r--p 00b18000 08:02 3145944                    /usr/lib/jvm/java-7-openjdk-amd64/jre/lib/amd64/server/libjvm.so
7f4ef9c56000-7f4ef9c79000 rw-p 00bb2000 08:02 3145944                    /usr/lib/jvm/java-7-openjdk-amd64/jre/lib/amd64/server/libjvm.so
7f4ef9c79000-7f4ef9ca7000 rw-p 00000000 00:00 0 
7f4ef9ca7000-7f4ef9cbf000 r-xp 00000000 08:02 34363                      /lib/x86_64-linux-gnu/libz.so.1.2.8
7f4ef9cbf000-7f4ef9ebe000 ---p 00018000 08:02 34363                      /lib/x86_64-linux-gnu/libz.so.1.2.8
7f4ef9ebe000-7f4ef9ebf000 r--p 00017000 08:02 34363                      /lib/x86_64-linux-gnu/libz.so.1.2.8
7f4ef9ebf000-7f4ef9ec0000 rw-p 00018000 08:02 34363                      /lib/x86_64-linux-gnu/libz.so.1.2.8
7f4ef9ec0000-7f4ef9ed9000 r-xp 00000000 08:02 78199                      /lib/x86_64-linux-gnu/libpthread-2.19.so
7f4ef9ed9000-7f4efa0d8000 ---p 00019000 08:02 78199                      /lib/x86_64-linux-gnu/libpthread-2.19.so
7f4efa0d8000-7f4efa0d9000 r--p 00018000 08:02 78199                      /lib/x86_64-linux-gnu/libpthread-2.19.so
7f4efa0d9000-7f4efa0da000 rw-p 00019000 08:02 78199                      /lib/x86_64-linux-gnu/libpthread-2.19.so
7f4efa0da000-7f4efa0de000 rw-p 00000000 00:00 0 
7f4efa0de000-7f4efa0e1000 r-xp 00000000 08:02 78187                      /lib/x86_64-linux-gnu/libdl-2.19.so
7f4efa0e1000-7f4efa2e0000 ---p 00003000 08:02 78187                      /lib/x86_64-linux-gnu/libdl-2.19.so
7f4efa2e0000-7f4efa2e1000 r--p 00002000 08:02 78187                      /lib/x86_64-linux-gnu/libdl-2.19.so
7f4efa2e1000-7f4efa2e2000 rw-p 00003000 08:02 78187                      /lib/x86_64-linux-gnu/libdl-2.19.so
7f4efa2e2000-7f4efa49d000 r-xp 00000000 08:02 78198                      /lib/x86_64-linux-gnu/libc-2.19.so
7f4efa49d000-7f4efa69c000 ---p 001bb000 08:02 78198                      /lib/x86_64-linux-gnu/libc-2.19.so
7f4efa69c000-7f4efa6a0000 r--p 001ba000 08:02 78198                      /lib/x86_64-linux-gnu/libc-2.19.so
7f4efa6a0000-7f4efa6a2000 rw-p 001be000 08:02 78198                      /lib/x86_64-linux-gnu/libc-2.19.so
7f4efa6a2000-7f4efa6a7000 rw-p 00000000 00:00 0 
7f4efa6a7000-7f4efa6b4000 r-xp 00000000 08:02 3145923                    /usr/lib/jvm/java-7-openjdk-amd64/jre/lib/amd64/jli/libjli.so
7f4efa6b4000-7f4efa8b3000 ---p 0000d000 08:02 3145923                    /usr/lib/jvm/java-7-openjdk-amd64/jre/lib/amd64/jli/libjli.so
7f4efa8b3000-7f4efa8b4000 r--p 0000c000 08:02 3145923                    /usr/lib/jvm/java-7-openjdk-amd64/jre/lib/amd64/jli/libjli.so
7f4efa8b4000-7f4efa8b5000 rw-p 0000d000 08:02 3145923                    /usr/lib/jvm/java-7-openjdk-amd64/jre/lib/amd64/jli/libjli.so
7f4efa8b5000-7f4efa8d8000 r-xp 00000000 08:02 78195                      /lib/x86_64-linux-gnu/ld-2.19.so
7f4efa8d8000-7f4efa8f9000 rw-p 00000000 00:00 0 
7f4efa8f9000-7f4efa9af000 rw-p 00000000 00:00 0 
7f4efa9af000-7f4efa9b2000 ---p 00000000 00:00 0 
7f4efa9b2000-7f4efaab6000 rw-p 00000000 00:00 0                          [stack:13856]
7f4efaab6000-7f4efaab8000 r--s 00039000 08:02 5902648                    /home/alexey/cs61b/ajg/lib/stdlib.jar
7f4efaab8000-7f4efaab9000 r--s 00002000 08:02 3145907                    /usr/lib/jvm/java-7-openjdk-amd64/jre/lib/ext/dnsns.jar
7f4efaab9000-7f4efaabc000 r--s 00086000 08:02 3145908                    /usr/lib/jvm/java-7-openjdk-amd64/jre/lib/ext/localedata.jar
7f4efaabc000-7f4efaac0000 r--s 00034000 08:02 3145905                    /usr/lib/jvm/java-7-openjdk-amd64/jre/lib/ext/sunjce_provider.jar
7f4efaac0000-7f4efaac2000 r--s 00006000 08:02 10215                      /usr/share/java/java-atk-wrapper.jar
7f4efaac2000-7f4efaac5000 r--s 0000f000 08:02 3145903                    /usr/lib/jvm/java-7-openjdk-amd64/jre/lib/ext/icedtea-sound.jar
7f4efaac5000-7f4efaac9000 r--s 0003c000 08:02 3145904                    /usr/lib/jvm/java-7-openjdk-amd64/jre/lib/ext/sunpkcs11.jar
7f4efaac9000-7f4efaacb000 r--s 00012000 08:02 3145906                    /usr/lib/jvm/java-7-openjdk-amd64/jre/lib/ext/zipfs.jar
7f4efaacb000-7f4efaad3000 rw-s 00000000 08:02 669442                     /tmp/hsperfdata_alexey/13855
7f4efaad3000-7f4efaad4000 rw-p 00000000 00:00 0 
7f4efaad4000-7f4efaad5000 ---p 00000000 00:00 0 
7f4efaad5000-7f4efaad7000 rw-p 00000000 00:00 0 
7f4efaad7000-7f4efaad8000 r--p 00022000 08:02 78195                      /lib/x86_64-linux-gnu/ld-2.19.so
7f4efaad8000-7f4efaad9000 rw-p 00023000 08:02 78195                      /lib/x86_64-linux-gnu/ld-2.19.so
7f4efaad9000-7f4efaada000 rw-p 00000000 00:00 0 
7fffad8be000-7fffad8df000 rw-p 00000000 00:00 0                          [stack]
7fffad94f000-7fffad951000 r-xp 00000000 00:00 0                          [vdso]
ffffffffff600000-ffffffffff601000 r-xp 00000000 00:00 0                  [vsyscall]

VM Arguments:
java_command: ngordnet.NgordnetUI
Launcher Type: SUN_STANDARD

Environment Variables:
CLASSPATH=:/home/alexey/cs61b/ajg/lib/*:./:/usr/lib/jvm/java-7-openjdk-amd64/lib/*:./:/home/alexey/cs61b/ajg/lib/*:./
PATH=/usr/local/sbin:/usr/local/bin:/usr/sbin:/usr/bin:/sbin:/bin:/usr/games:/usr/local/games
SHELL=/bin/bash
DISPLAY=:0

Signal Handlers:
SIGSEGV: [libjvm.so+0x94b4b0], sa_mask[0]=0x7ffbfeff, sa_flags=0x10000004
SIGBUS: [libjvm.so+0x94b4b0], sa_mask[0]=0x7ffbfeff, sa_flags=0x10000004
SIGFPE: [libjvm.so+0x7c3390], sa_mask[0]=0x7ffbfeff, sa_flags=0x10000004
SIGPIPE: [libjvm.so+0x7c3390], sa_mask[0]=0x7ffbfeff, sa_flags=0x10000004
SIGXFSZ: [libjvm.so+0x7c3390], sa_mask[0]=0x7ffbfeff, sa_flags=0x10000004
SIGILL: [libjvm.so+0x7c3390], sa_mask[0]=0x7ffbfeff, sa_flags=0x10000004
SIGUSR1: SIG_DFL, sa_mask[0]=0x00000000, sa_flags=0x00000000
SIGUSR2: [libjvm.so+0x7c3230], sa_mask[0]=0x00000000, sa_flags=0x10000004
SIGHUP: [libjvm.so+0x7c3410], sa_mask[0]=0x7ffbfeff, sa_flags=0x10000004
SIGINT: [libjvm.so+0x7c3410], sa_mask[0]=0x7ffbfeff, sa_flags=0x10000004
SIGTERM: [libjvm.so+0x7c3410], sa_mask[0]=0x7ffbfeff, sa_flags=0x10000004
SIGQUIT: [libjvm.so+0x7c3410], sa_mask[0]=0x7ffbfeff, sa_flags=0x10000004
SIGTRAP: SIG_DFL, sa_mask[0]=0x00000000, sa_flags=0x00000000


---------------  S Y S T E M  ---------------

OS:Ubuntu 14.04 (trusty)
uname:Linux 3.13.0-46-generic #77-Ubuntu SMP Mon Mar 2 18:23:39 UTC 2015 x86_64
libc:glibc 2.19 NPTL 2.19 
rlimit: STACK 8192k, CORE 0k, NPROC 30064, NOFILE 4096, AS infinity
load average:0.84 0.72 0.53

/proc/meminfo:
MemTotal:        3958116 kB
MemFree:           88640 kB
Buffers:             428 kB
Cached:           359956 kB
SwapCached:        18188 kB
Active:          2829164 kB
Inactive:         890344 kB
Active(anon):    2819520 kB
Inactive(anon):   880720 kB
Active(file):       9644 kB
Inactive(file):     9624 kB
Unevictable:          16 kB
Mlocked:              16 kB
SwapTotal:       4104188 kB
SwapFree:              0 kB
Dirty:                44 kB
Writeback:             0 kB
AnonPages:       3341016 kB
Mapped:            68104 kB
Shmem:            340924 kB
Slab:              53864 kB
SReclaimable:      24056 kB
SUnreclaim:        29808 kB
KernelStack:        4744 kB
PageTables:        39940 kB
NFS_Unstable:          0 kB
Bounce:                0 kB
WritebackTmp:          0 kB
CommitLimit:     6083244 kB
Committed_AS:   10892524 kB
VmallocTotal:   34359738367 kB
VmallocUsed:      564084 kB
VmallocChunk:   34359147544 kB
HardwareCorrupted:     0 kB
AnonHugePages:   2048000 kB
HugePages_Total:       0
HugePages_Free:        0
HugePages_Rsvd:        0
HugePages_Surp:        0
Hugepagesize:       2048 kB
DirectMap4k:       78592 kB
DirectMap2M:     2977792 kB
DirectMap1G:     1048576 kB


CPU:total 4 (2 cores per cpu, 2 threads per core) family 6 model 69 stepping 1, cmov, cx8, fxsr, mmx, sse, sse2, sse3, ssse3, sse4.1, sse4.2, popcnt, avx, avx2, aes, erms, ht, tsc, tscinvbit

/proc/cpuinfo:
processor	: 0
vendor_id	: GenuineIntel
cpu family	: 6
model		: 69
model name	: Intel(R) Core(TM) i7-4500U CPU @ 1.80GHz
stepping	: 1
microcode	: 0x17
cpu MHz		: 1800.000
cache size	: 4096 KB
physical id	: 0
siblings	: 4
core id		: 0
cpu cores	: 2
apicid		: 0
initial apicid	: 0
fpu		: yes
fpu_exception	: yes
cpuid level	: 13
wp		: yes
flags		: fpu vme de pse tsc msr pae mce cx8 apic sep mtrr pge mca cmov pat pse36 clflush dts acpi mmx fxsr sse sse2 ss ht tm pbe syscall nx pdpe1gb rdtscp lm constant_tsc arch_perfmon pebs bts rep_good nopl xtopology nonstop_tsc aperfmperf eagerfpu pni pclmulqdq dtes64 monitor ds_cpl vmx est tm2 ssse3 fma cx16 xtpr pdcm pcid sse4_1 sse4_2 movbe popcnt tsc_deadline_timer aes xsave avx f16c rdrand lahf_lm abm ida arat epb xsaveopt pln pts dtherm tpr_shadow vnmi flexpriority ept vpid fsgsbase tsc_adjust bmi1 avx2 smep bmi2 erms invpcid
bogomips	: 4787.86
clflush size	: 64
cache_alignment	: 64
address sizes	: 39 bits physical, 48 bits virtual
power management:

processor	: 1
vendor_id	: GenuineIntel
cpu family	: 6
model		: 69
model name	: Intel(R) Core(TM) i7-4500U CPU @ 1.80GHz
stepping	: 1
microcode	: 0x17
cpu MHz		: 1800.000
cache size	: 4096 KB
physical id	: 0
siblings	: 4
core id		: 0
cpu cores	: 2
apicid		: 1
initial apicid	: 1
fpu		: yes
fpu_exception	: yes
cpuid level	: 13
wp		: yes
flags		: fpu vme de pse tsc msr pae mce cx8 apic sep mtrr pge mca cmov pat pse36 clflush dts acpi mmx fxsr sse sse2 ss ht tm pbe syscall nx pdpe1gb rdtscp lm constant_tsc arch_perfmon pebs bts rep_good nopl xtopology nonstop_tsc aperfmperf eagerfpu pni pclmulqdq dtes64 monitor ds_cpl vmx est tm2 ssse3 fma cx16 xtpr pdcm pcid sse4_1 sse4_2 movbe popcnt tsc_deadline_timer aes xsave avx f16c rdrand lahf_lm abm ida arat epb xsaveopt pln pts dtherm tpr_shadow vnmi flexpriority ept vpid fsgsbase tsc_adjust bmi1 avx2 smep bmi2 erms invpcid
bogomips	: 4787.86
clflush size	: 64
cache_alignment	: 64
address sizes	: 39 bits physical, 48 bits virtual
power management:

processor	: 2
vendor_id	: GenuineIntel
cpu family	: 6
model		: 69
model name	: Intel(R) Core(TM) i7-4500U CPU @ 1.80GHz
stepping	: 1
microcode	: 0x17
cpu MHz		: 1800.000
cache size	: 4096 KB
physical id	: 0
siblings	: 4
core id		: 1
cpu cores	: 2
apicid		: 2
initial apicid	: 2
fpu		: yes
fpu_exception	: yes
cpuid level	: 13
wp		: yes
flags		: fpu vme de pse tsc msr pae mce cx8 apic sep mtrr pge mca cmov pat pse36 clflush dts acpi mmx fxsr sse sse2 ss ht tm pbe syscall nx pdpe1gb rdtscp lm constant_tsc arch_perfmon pebs bts rep_good nopl xtopology nonstop_tsc aperfmperf eagerfpu pni pclmulqdq dtes64 monitor ds_cpl vmx est tm2 ssse3 fma cx16 xtpr pdcm pcid sse4_1 sse4_2 movbe popcnt tsc_deadline_timer aes xsave avx f16c rdrand lahf_lm abm ida arat epb xsaveopt pln pts dtherm tpr_shadow vnmi flexpriority ept vpid fsgsbase tsc_adjust bmi1 avx2 smep bmi2 erms invpcid
bogomips	: 4787.86
clflush size	: 64
cache_alignment	: 64
address sizes	: 39 bits physical, 48 bits virtual
power management:

processor	: 3
vendor_id	: GenuineIntel
cpu family	: 6
model		: 69
model name	: Intel(R) Core(TM) i7-4500U CPU @ 1.80GHz
stepping	: 1
microcode	: 0x17
cpu MHz		: 1800.000
cache size	: 4096 KB
physical id	: 0
siblings	: 4
core id		: 1
cpu cores	: 2
apicid		: 3
initial apicid	: 3
fpu		: yes
fpu_exception	: yes
cpuid level	: 13
wp		: yes
flags		: fpu vme de pse tsc msr pae mce cx8 apic sep mtrr pge mca cmov pat pse36 clflush dts acpi mmx fxsr sse sse2 ss ht tm pbe syscall nx pdpe1gb rdtscp lm constant_tsc arch_perfmon pebs bts rep_good nopl xtopology nonstop_tsc aperfmperf eagerfpu pni pclmulqdq dtes64 monitor ds_cpl vmx est tm2 ssse3 fma cx16 xtpr pdcm pcid sse4_1 sse4_2 movbe popcnt tsc_deadline_timer aes xsave avx f16c rdrand lahf_lm abm ida arat epb xsaveopt pln pts dtherm tpr_shadow vnmi flexpriority ept vpid fsgsbase tsc_adjust bmi1 avx2 smep bmi2 erms invpcid
bogomips	: 4787.86
clflush size	: 64
cache_alignment	: 64
address sizes	: 39 bits physical, 48 bits virtual
power management:



Memory: 4k page, physical 3958116k(88640k free), swap 4104188k(0k free)

vm_info: OpenJDK 64-Bit Server VM (24.75-b04) for linux-amd64 JRE (1.7.0_75-b13), built on Jan 27 2015 00:38:59 by "buildd" with gcc 4.8.2

time: Tue Mar 10 00:13:13 2015
elapsed time: 1 seconds

